ARM GAS  C:\Users\20398\AppData\Local\Temp\ccUs7ogt.s 			page 1


   1              		.cpu cortex-m3
   2              		.arch armv7-m
   3              		.fpu softvfp
   4              		.eabi_attribute 20, 1
   5              		.eabi_attribute 21, 1
   6              		.eabi_attribute 23, 3
   7              		.eabi_attribute 24, 1
   8              		.eabi_attribute 25, 1
   9              		.eabi_attribute 26, 1
  10              		.eabi_attribute 30, 1
  11              		.eabi_attribute 34, 1
  12              		.eabi_attribute 18, 4
  13              		.file	"gpio.c"
  14              		.text
  15              	.Ltext0:
  16              		.cfi_sections	.debug_frame
  17              		.section	.text.MX_GPIO_Init,"ax",%progbits
  18              		.align	1
  19              		.global	MX_GPIO_Init
  20              		.syntax unified
  21              		.thumb
  22              		.thumb_func
  24              	MX_GPIO_Init:
  25              	.LFB65:
  26              		.file 1 "Core/Src/gpio.c"
   1:Core/Src/gpio.c **** /* USER CODE BEGIN Header */
   2:Core/Src/gpio.c **** /**
   3:Core/Src/gpio.c ****   ******************************************************************************
   4:Core/Src/gpio.c ****   * @file    gpio.c
   5:Core/Src/gpio.c ****   * @brief   This file provides code for the configuration
   6:Core/Src/gpio.c ****   *          of all used GPIO pins.
   7:Core/Src/gpio.c ****   ******************************************************************************
   8:Core/Src/gpio.c ****   * @attention
   9:Core/Src/gpio.c ****   *
  10:Core/Src/gpio.c ****   * Copyright (c) 2025 STMicroelectronics.
  11:Core/Src/gpio.c ****   * All rights reserved.
  12:Core/Src/gpio.c ****   *
  13:Core/Src/gpio.c ****   * This software is licensed under terms that can be found in the LICENSE file
  14:Core/Src/gpio.c ****   * in the root directory of this software component.
  15:Core/Src/gpio.c ****   * If no LICENSE file comes with this software, it is provided AS-IS.
  16:Core/Src/gpio.c ****   *
  17:Core/Src/gpio.c ****   ******************************************************************************
  18:Core/Src/gpio.c ****   */
  19:Core/Src/gpio.c **** /* USER CODE END Header */
  20:Core/Src/gpio.c **** 
  21:Core/Src/gpio.c **** /* Includes ------------------------------------------------------------------*/
  22:Core/Src/gpio.c **** #include "gpio.h"
  23:Core/Src/gpio.c **** 
  24:Core/Src/gpio.c **** /* USER CODE BEGIN 0 */
  25:Core/Src/gpio.c **** 
  26:Core/Src/gpio.c **** /* USER CODE END 0 */
  27:Core/Src/gpio.c **** 
  28:Core/Src/gpio.c **** /*----------------------------------------------------------------------------*/
  29:Core/Src/gpio.c **** /* Configure GPIO                                                             */
  30:Core/Src/gpio.c **** /*----------------------------------------------------------------------------*/
  31:Core/Src/gpio.c **** /* USER CODE BEGIN 1 */
  32:Core/Src/gpio.c **** 
ARM GAS  C:\Users\20398\AppData\Local\Temp\ccUs7ogt.s 			page 2


  33:Core/Src/gpio.c **** /* USER CODE END 1 */
  34:Core/Src/gpio.c **** 
  35:Core/Src/gpio.c **** /** Configure pins as
  36:Core/Src/gpio.c ****         * Analog
  37:Core/Src/gpio.c ****         * Input
  38:Core/Src/gpio.c ****         * Output
  39:Core/Src/gpio.c ****         * EVENT_OUT
  40:Core/Src/gpio.c ****         * EXTI
  41:Core/Src/gpio.c **** */
  42:Core/Src/gpio.c **** void MX_GPIO_Init(void)
  43:Core/Src/gpio.c **** {
  27              		.loc 1 43 1 view -0
  28              		.cfi_startproc
  29              		@ args = 0, pretend = 0, frame = 32
  30              		@ frame_needed = 0, uses_anonymous_args = 0
  31 0000 F0B5     		push	{r4, r5, r6, r7, lr}
  32              	.LCFI0:
  33              		.cfi_def_cfa_offset 20
  34              		.cfi_offset 4, -20
  35              		.cfi_offset 5, -16
  36              		.cfi_offset 6, -12
  37              		.cfi_offset 7, -8
  38              		.cfi_offset 14, -4
  39 0002 89B0     		sub	sp, sp, #36
  40              	.LCFI1:
  41              		.cfi_def_cfa_offset 56
  44:Core/Src/gpio.c **** 
  45:Core/Src/gpio.c ****   GPIO_InitTypeDef GPIO_InitStruct = {0};
  42              		.loc 1 45 3 view .LVU1
  43              		.loc 1 45 20 is_stmt 0 view .LVU2
  44 0004 0024     		movs	r4, #0
  45 0006 0494     		str	r4, [sp, #16]
  46 0008 0594     		str	r4, [sp, #20]
  47 000a 0694     		str	r4, [sp, #24]
  48 000c 0794     		str	r4, [sp, #28]
  46:Core/Src/gpio.c **** 
  47:Core/Src/gpio.c ****   /* GPIO Ports Clock Enable */
  48:Core/Src/gpio.c ****   __HAL_RCC_GPIOC_CLK_ENABLE();
  49              		.loc 1 48 3 is_stmt 1 view .LVU3
  50              	.LBB2:
  51              		.loc 1 48 3 view .LVU4
  52              		.loc 1 48 3 view .LVU5
  53 000e 424B     		ldr	r3, .L3
  54 0010 9A69     		ldr	r2, [r3, #24]
  55 0012 42F01002 		orr	r2, r2, #16
  56 0016 9A61     		str	r2, [r3, #24]
  57              		.loc 1 48 3 view .LVU6
  58 0018 9A69     		ldr	r2, [r3, #24]
  59 001a 02F01002 		and	r2, r2, #16
  60 001e 0092     		str	r2, [sp]
  61              		.loc 1 48 3 view .LVU7
  62 0020 009A     		ldr	r2, [sp]
  63              	.LBE2:
  64              		.loc 1 48 3 view .LVU8
  49:Core/Src/gpio.c ****   __HAL_RCC_GPIOD_CLK_ENABLE();
  65              		.loc 1 49 3 view .LVU9
  66              	.LBB3:
ARM GAS  C:\Users\20398\AppData\Local\Temp\ccUs7ogt.s 			page 3


  67              		.loc 1 49 3 view .LVU10
  68              		.loc 1 49 3 view .LVU11
  69 0022 9A69     		ldr	r2, [r3, #24]
  70 0024 42F02002 		orr	r2, r2, #32
  71 0028 9A61     		str	r2, [r3, #24]
  72              		.loc 1 49 3 view .LVU12
  73 002a 9A69     		ldr	r2, [r3, #24]
  74 002c 02F02002 		and	r2, r2, #32
  75 0030 0192     		str	r2, [sp, #4]
  76              		.loc 1 49 3 view .LVU13
  77 0032 019A     		ldr	r2, [sp, #4]
  78              	.LBE3:
  79              		.loc 1 49 3 view .LVU14
  50:Core/Src/gpio.c ****   __HAL_RCC_GPIOA_CLK_ENABLE();
  80              		.loc 1 50 3 view .LVU15
  81              	.LBB4:
  82              		.loc 1 50 3 view .LVU16
  83              		.loc 1 50 3 view .LVU17
  84 0034 9A69     		ldr	r2, [r3, #24]
  85 0036 42F00402 		orr	r2, r2, #4
  86 003a 9A61     		str	r2, [r3, #24]
  87              		.loc 1 50 3 view .LVU18
  88 003c 9A69     		ldr	r2, [r3, #24]
  89 003e 02F00402 		and	r2, r2, #4
  90 0042 0292     		str	r2, [sp, #8]
  91              		.loc 1 50 3 view .LVU19
  92 0044 029A     		ldr	r2, [sp, #8]
  93              	.LBE4:
  94              		.loc 1 50 3 view .LVU20
  51:Core/Src/gpio.c ****   __HAL_RCC_GPIOB_CLK_ENABLE();
  95              		.loc 1 51 3 view .LVU21
  96              	.LBB5:
  97              		.loc 1 51 3 view .LVU22
  98              		.loc 1 51 3 view .LVU23
  99 0046 9A69     		ldr	r2, [r3, #24]
 100 0048 42F00802 		orr	r2, r2, #8
 101 004c 9A61     		str	r2, [r3, #24]
 102              		.loc 1 51 3 view .LVU24
 103 004e 9B69     		ldr	r3, [r3, #24]
 104 0050 03F00803 		and	r3, r3, #8
 105 0054 0393     		str	r3, [sp, #12]
 106              		.loc 1 51 3 view .LVU25
 107 0056 039B     		ldr	r3, [sp, #12]
 108              	.LBE5:
 109              		.loc 1 51 3 view .LVU26
  52:Core/Src/gpio.c **** 
  53:Core/Src/gpio.c ****   /*Configure GPIO pin Output Level */
  54:Core/Src/gpio.c ****   HAL_GPIO_WritePin(LED_GPIO_Port, LED_Pin, GPIO_PIN_RESET);
 110              		.loc 1 54 3 view .LVU27
 111 0058 304F     		ldr	r7, .L3+4
 112 005a 2246     		mov	r2, r4
 113 005c 4FF40051 		mov	r1, #8192
 114 0060 3846     		mov	r0, r7
 115 0062 FFF7FEFF 		bl	HAL_GPIO_WritePin
 116              	.LVL0:
  55:Core/Src/gpio.c **** 
  56:Core/Src/gpio.c ****   /*Configure GPIO pin Output Level */
ARM GAS  C:\Users\20398\AppData\Local\Temp\ccUs7ogt.s 			page 4


  57:Core/Src/gpio.c ****   HAL_GPIO_WritePin(CE_24L01_GPIO_Port, CE_24L01_Pin, GPIO_PIN_RESET);
 117              		.loc 1 57 3 view .LVU28
 118 0066 2E4E     		ldr	r6, .L3+8
 119 0068 2246     		mov	r2, r4
 120 006a 1021     		movs	r1, #16
 121 006c 3046     		mov	r0, r6
 122 006e FFF7FEFF 		bl	HAL_GPIO_WritePin
 123              	.LVL1:
  58:Core/Src/gpio.c **** 
  59:Core/Src/gpio.c ****   /*Configure GPIO pin Output Level */
  60:Core/Src/gpio.c ****   HAL_GPIO_WritePin(CSN_24L01_GPIO_Port, CSN_24L01_Pin, GPIO_PIN_SET);
 124              		.loc 1 60 3 view .LVU29
 125 0072 0122     		movs	r2, #1
 126 0074 4FF48061 		mov	r1, #1024
 127 0078 3046     		mov	r0, r6
 128 007a FFF7FEFF 		bl	HAL_GPIO_WritePin
 129              	.LVL2:
  61:Core/Src/gpio.c **** 
  62:Core/Src/gpio.c ****   /*Configure GPIO pin : LED_Pin */
  63:Core/Src/gpio.c ****   GPIO_InitStruct.Pin = LED_Pin;
 130              		.loc 1 63 3 view .LVU30
 131              		.loc 1 63 23 is_stmt 0 view .LVU31
 132 007e 4FF40053 		mov	r3, #8192
 133 0082 0493     		str	r3, [sp, #16]
  64:Core/Src/gpio.c ****   GPIO_InitStruct.Mode = GPIO_MODE_OUTPUT_PP;
 134              		.loc 1 64 3 is_stmt 1 view .LVU32
 135              		.loc 1 64 24 is_stmt 0 view .LVU33
 136 0084 0125     		movs	r5, #1
 137 0086 0595     		str	r5, [sp, #20]
  65:Core/Src/gpio.c ****   GPIO_InitStruct.Pull = GPIO_PULLUP;
 138              		.loc 1 65 3 is_stmt 1 view .LVU34
 139              		.loc 1 65 24 is_stmt 0 view .LVU35
 140 0088 0695     		str	r5, [sp, #24]
  66:Core/Src/gpio.c ****   GPIO_InitStruct.Speed = GPIO_SPEED_FREQ_MEDIUM;
 141              		.loc 1 66 3 is_stmt 1 view .LVU36
 142              		.loc 1 66 25 is_stmt 0 view .LVU37
 143 008a 0795     		str	r5, [sp, #28]
  67:Core/Src/gpio.c ****   HAL_GPIO_Init(LED_GPIO_Port, &GPIO_InitStruct);
 144              		.loc 1 67 3 is_stmt 1 view .LVU38
 145 008c 04A9     		add	r1, sp, #16
 146 008e 3846     		mov	r0, r7
 147 0090 FFF7FEFF 		bl	HAL_GPIO_Init
 148              	.LVL3:
  68:Core/Src/gpio.c **** 
  69:Core/Src/gpio.c ****   /*Configure GPIO pins : CE_24L01_Pin CSN_24L01_Pin */
  70:Core/Src/gpio.c ****   GPIO_InitStruct.Pin = CE_24L01_Pin|CSN_24L01_Pin;
 149              		.loc 1 70 3 view .LVU39
 150              		.loc 1 70 23 is_stmt 0 view .LVU40
 151 0094 4FF48263 		mov	r3, #1040
 152 0098 0493     		str	r3, [sp, #16]
  71:Core/Src/gpio.c ****   GPIO_InitStruct.Mode = GPIO_MODE_OUTPUT_PP;
 153              		.loc 1 71 3 is_stmt 1 view .LVU41
 154              		.loc 1 71 24 is_stmt 0 view .LVU42
 155 009a 0595     		str	r5, [sp, #20]
  72:Core/Src/gpio.c ****   GPIO_InitStruct.Pull = GPIO_NOPULL;
 156              		.loc 1 72 3 is_stmt 1 view .LVU43
 157              		.loc 1 72 24 is_stmt 0 view .LVU44
ARM GAS  C:\Users\20398\AppData\Local\Temp\ccUs7ogt.s 			page 5


 158 009c 0694     		str	r4, [sp, #24]
  73:Core/Src/gpio.c ****   GPIO_InitStruct.Speed = GPIO_SPEED_FREQ_HIGH;
 159              		.loc 1 73 3 is_stmt 1 view .LVU45
 160              		.loc 1 73 25 is_stmt 0 view .LVU46
 161 009e 0323     		movs	r3, #3
 162 00a0 0793     		str	r3, [sp, #28]
  74:Core/Src/gpio.c ****   HAL_GPIO_Init(GPIOA, &GPIO_InitStruct);
 163              		.loc 1 74 3 is_stmt 1 view .LVU47
 164 00a2 04A9     		add	r1, sp, #16
 165 00a4 3046     		mov	r0, r6
 166 00a6 FFF7FEFF 		bl	HAL_GPIO_Init
 167              	.LVL4:
  75:Core/Src/gpio.c **** 
  76:Core/Src/gpio.c ****   /*Configure GPIO pins : PB12 PB13 PB3 PB4 */
  77:Core/Src/gpio.c ****   GPIO_InitStruct.Pin = GPIO_PIN_12|GPIO_PIN_13|GPIO_PIN_3|GPIO_PIN_4;
 168              		.loc 1 77 3 view .LVU48
 169              		.loc 1 77 23 is_stmt 0 view .LVU49
 170 00aa 43F21803 		movw	r3, #12312
 171 00ae 0493     		str	r3, [sp, #16]
  78:Core/Src/gpio.c ****   GPIO_InitStruct.Mode = GPIO_MODE_IT_FALLING;
 172              		.loc 1 78 3 is_stmt 1 view .LVU50
 173              		.loc 1 78 24 is_stmt 0 view .LVU51
 174 00b0 1C4B     		ldr	r3, .L3+12
 175 00b2 0593     		str	r3, [sp, #20]
  79:Core/Src/gpio.c ****   GPIO_InitStruct.Pull = GPIO_PULLUP;
 176              		.loc 1 79 3 is_stmt 1 view .LVU52
 177              		.loc 1 79 24 is_stmt 0 view .LVU53
 178 00b4 0695     		str	r5, [sp, #24]
  80:Core/Src/gpio.c ****   HAL_GPIO_Init(GPIOB, &GPIO_InitStruct);
 179              		.loc 1 80 3 is_stmt 1 view .LVU54
 180 00b6 04A9     		add	r1, sp, #16
 181 00b8 1B48     		ldr	r0, .L3+16
 182 00ba FFF7FEFF 		bl	HAL_GPIO_Init
 183              	.LVL5:
  81:Core/Src/gpio.c **** 
  82:Core/Src/gpio.c ****   /*Configure GPIO pin : IRQ_24L01_Pin */
  83:Core/Src/gpio.c ****   GPIO_InitStruct.Pin = IRQ_24L01_Pin;
 184              		.loc 1 83 3 view .LVU55
 185              		.loc 1 83 23 is_stmt 0 view .LVU56
 186 00be 4FF40073 		mov	r3, #512
 187 00c2 0493     		str	r3, [sp, #16]
  84:Core/Src/gpio.c ****   GPIO_InitStruct.Mode = GPIO_MODE_INPUT;
 188              		.loc 1 84 3 is_stmt 1 view .LVU57
 189              		.loc 1 84 24 is_stmt 0 view .LVU58
 190 00c4 0594     		str	r4, [sp, #20]
  85:Core/Src/gpio.c ****   GPIO_InitStruct.Pull = GPIO_PULLUP;
 191              		.loc 1 85 3 is_stmt 1 view .LVU59
 192              		.loc 1 85 24 is_stmt 0 view .LVU60
 193 00c6 0695     		str	r5, [sp, #24]
  86:Core/Src/gpio.c ****   HAL_GPIO_Init(IRQ_24L01_GPIO_Port, &GPIO_InitStruct);
 194              		.loc 1 86 3 is_stmt 1 view .LVU61
 195 00c8 04A9     		add	r1, sp, #16
 196 00ca 3046     		mov	r0, r6
 197 00cc FFF7FEFF 		bl	HAL_GPIO_Init
 198              	.LVL6:
  87:Core/Src/gpio.c **** 
  88:Core/Src/gpio.c ****   /*Configure GPIO pins : PA11 PA12 */
ARM GAS  C:\Users\20398\AppData\Local\Temp\ccUs7ogt.s 			page 6


  89:Core/Src/gpio.c ****   GPIO_InitStruct.Pin = GPIO_PIN_11|GPIO_PIN_12;
 199              		.loc 1 89 3 view .LVU62
 200              		.loc 1 89 23 is_stmt 0 view .LVU63
 201 00d0 4FF4C053 		mov	r3, #6144
 202 00d4 0493     		str	r3, [sp, #16]
  90:Core/Src/gpio.c ****   GPIO_InitStruct.Mode = GPIO_MODE_INPUT;
 203              		.loc 1 90 3 is_stmt 1 view .LVU64
 204              		.loc 1 90 24 is_stmt 0 view .LVU65
 205 00d6 0594     		str	r4, [sp, #20]
  91:Core/Src/gpio.c ****   GPIO_InitStruct.Pull = GPIO_PULLDOWN;
 206              		.loc 1 91 3 is_stmt 1 view .LVU66
 207              		.loc 1 91 24 is_stmt 0 view .LVU67
 208 00d8 0223     		movs	r3, #2
 209 00da 0693     		str	r3, [sp, #24]
  92:Core/Src/gpio.c ****   HAL_GPIO_Init(GPIOA, &GPIO_InitStruct);
 210              		.loc 1 92 3 is_stmt 1 view .LVU68
 211 00dc 04A9     		add	r1, sp, #16
 212 00de 3046     		mov	r0, r6
 213 00e0 FFF7FEFF 		bl	HAL_GPIO_Init
 214              	.LVL7:
  93:Core/Src/gpio.c **** 
  94:Core/Src/gpio.c ****   /* EXTI interrupt init*/
  95:Core/Src/gpio.c ****   HAL_NVIC_SetPriority(EXTI3_IRQn, 15, 0);
 215              		.loc 1 95 3 view .LVU69
 216 00e4 2246     		mov	r2, r4
 217 00e6 0F21     		movs	r1, #15
 218 00e8 0920     		movs	r0, #9
 219 00ea FFF7FEFF 		bl	HAL_NVIC_SetPriority
 220              	.LVL8:
  96:Core/Src/gpio.c ****   HAL_NVIC_EnableIRQ(EXTI3_IRQn);
 221              		.loc 1 96 3 view .LVU70
 222 00ee 0920     		movs	r0, #9
 223 00f0 FFF7FEFF 		bl	HAL_NVIC_EnableIRQ
 224              	.LVL9:
  97:Core/Src/gpio.c **** 
  98:Core/Src/gpio.c ****   HAL_NVIC_SetPriority(EXTI4_IRQn, 15, 0);
 225              		.loc 1 98 3 view .LVU71
 226 00f4 2246     		mov	r2, r4
 227 00f6 0F21     		movs	r1, #15
 228 00f8 0A20     		movs	r0, #10
 229 00fa FFF7FEFF 		bl	HAL_NVIC_SetPriority
 230              	.LVL10:
  99:Core/Src/gpio.c ****   HAL_NVIC_EnableIRQ(EXTI4_IRQn);
 231              		.loc 1 99 3 view .LVU72
 232 00fe 0A20     		movs	r0, #10
 233 0100 FFF7FEFF 		bl	HAL_NVIC_EnableIRQ
 234              	.LVL11:
 100:Core/Src/gpio.c **** 
 101:Core/Src/gpio.c ****   HAL_NVIC_SetPriority(EXTI15_10_IRQn, 15, 0);
 235              		.loc 1 101 3 view .LVU73
 236 0104 2246     		mov	r2, r4
 237 0106 0F21     		movs	r1, #15
 238 0108 2820     		movs	r0, #40
 239 010a FFF7FEFF 		bl	HAL_NVIC_SetPriority
 240              	.LVL12:
 102:Core/Src/gpio.c ****   HAL_NVIC_EnableIRQ(EXTI15_10_IRQn);
 241              		.loc 1 102 3 view .LVU74
ARM GAS  C:\Users\20398\AppData\Local\Temp\ccUs7ogt.s 			page 7


 242 010e 2820     		movs	r0, #40
 243 0110 FFF7FEFF 		bl	HAL_NVIC_EnableIRQ
 244              	.LVL13:
 103:Core/Src/gpio.c **** 
 104:Core/Src/gpio.c **** }
 245              		.loc 1 104 1 is_stmt 0 view .LVU75
 246 0114 09B0     		add	sp, sp, #36
 247              	.LCFI2:
 248              		.cfi_def_cfa_offset 20
 249              		@ sp needed
 250 0116 F0BD     		pop	{r4, r5, r6, r7, pc}
 251              	.L4:
 252              		.align	2
 253              	.L3:
 254 0118 00100240 		.word	1073876992
 255 011c 00100140 		.word	1073811456
 256 0120 00080140 		.word	1073809408
 257 0124 00002110 		.word	270598144
 258 0128 000C0140 		.word	1073810432
 259              		.cfi_endproc
 260              	.LFE65:
 262              		.text
 263              	.Letext0:
 264              		.file 2 "e:\\ace2025\\enviroment\\gcc-arm-none-eabi-10.3-2021.10-win32\\arm-gnu-toolchian\\arm-non
 265              		.file 3 "e:\\ace2025\\enviroment\\gcc-arm-none-eabi-10.3-2021.10-win32\\arm-gnu-toolchian\\arm-non
 266              		.file 4 "Drivers/CMSIS/Device/ST/STM32F1xx/Include/stm32f103xb.h"
 267              		.file 5 "Drivers/STM32F1xx_HAL_Driver/Inc/stm32f1xx_hal_gpio.h"
 268              		.file 6 "Drivers/STM32F1xx_HAL_Driver/Inc/stm32f1xx_hal_cortex.h"
ARM GAS  C:\Users\20398\AppData\Local\Temp\ccUs7ogt.s 			page 8


DEFINED SYMBOLS
                            *ABS*:00000000 gpio.c
C:\Users\20398\AppData\Local\Temp\ccUs7ogt.s:18     .text.MX_GPIO_Init:00000000 $t
C:\Users\20398\AppData\Local\Temp\ccUs7ogt.s:24     .text.MX_GPIO_Init:00000000 MX_GPIO_Init
C:\Users\20398\AppData\Local\Temp\ccUs7ogt.s:254    .text.MX_GPIO_Init:00000118 $d

UNDEFINED SYMBOLS
HAL_GPIO_WritePin
HAL_GPIO_Init
HAL_NVIC_SetPriority
HAL_NVIC_EnableIRQ
