ARM GAS  C:\Users\20398\AppData\Local\Temp\cc8CUUuw.s 			page 1


   1              		.cpu cortex-m3
   2              		.arch armv7-m
   3              		.fpu softvfp
   4              		.eabi_attribute 20, 1
   5              		.eabi_attribute 21, 1
   6              		.eabi_attribute 23, 3
   7              		.eabi_attribute 24, 1
   8              		.eabi_attribute 25, 1
   9              		.eabi_attribute 26, 1
  10              		.eabi_attribute 30, 1
  11              		.eabi_attribute 34, 1
  12              		.eabi_attribute 18, 4
  13              		.file	"SEGGER_RTT_printf.c"
  14              		.text
  15              	.Ltext0:
  16              		.cfi_sections	.debug_frame
  17              		.section	.text._StoreChar,"ax",%progbits
  18              		.align	1
  19              		.syntax unified
  20              		.thumb
  21              		.thumb_func
  23              	_StoreChar:
  24              	.LVL0:
  25              	.LFB0:
  26              		.file 1 "systemview/SEGGER_RTT_printf.c"
   1:systemview/SEGGER_RTT_printf.c **** /*********************************************************************
   2:systemview/SEGGER_RTT_printf.c **** *                    SEGGER Microcontroller GmbH                     *
   3:systemview/SEGGER_RTT_printf.c **** *                        The Embedded Experts                        *
   4:systemview/SEGGER_RTT_printf.c **** **********************************************************************
   5:systemview/SEGGER_RTT_printf.c **** *                                                                    *
   6:systemview/SEGGER_RTT_printf.c **** *            (c) 1995 - 2024 SEGGER Microcontroller GmbH             *
   7:systemview/SEGGER_RTT_printf.c **** *                                                                    *
   8:systemview/SEGGER_RTT_printf.c **** *       www.segger.com     Support: support@segger.com               *
   9:systemview/SEGGER_RTT_printf.c **** *                                                                    *
  10:systemview/SEGGER_RTT_printf.c **** **********************************************************************
  11:systemview/SEGGER_RTT_printf.c **** *                                                                    *
  12:systemview/SEGGER_RTT_printf.c **** *       SEGGER SystemView * Real-time application analysis           *
  13:systemview/SEGGER_RTT_printf.c **** *                                                                    *
  14:systemview/SEGGER_RTT_printf.c **** **********************************************************************
  15:systemview/SEGGER_RTT_printf.c **** *                                                                    *
  16:systemview/SEGGER_RTT_printf.c **** * All rights reserved.                                               *
  17:systemview/SEGGER_RTT_printf.c **** *                                                                    *
  18:systemview/SEGGER_RTT_printf.c **** * SEGGER strongly recommends to not make any changes                 *
  19:systemview/SEGGER_RTT_printf.c **** * to or modify the source code of this software in order to stay     *
  20:systemview/SEGGER_RTT_printf.c **** * compatible with the SystemView and RTT protocol, and J-Link.       *
  21:systemview/SEGGER_RTT_printf.c **** *                                                                    *
  22:systemview/SEGGER_RTT_printf.c **** * Redistribution and use in source and binary forms, with or         *
  23:systemview/SEGGER_RTT_printf.c **** * without modification, are permitted provided that the following    *
  24:systemview/SEGGER_RTT_printf.c **** * condition is met:                                                  *
  25:systemview/SEGGER_RTT_printf.c **** *                                                                    *
  26:systemview/SEGGER_RTT_printf.c **** * o Redistributions of source code must retain the above copyright   *
  27:systemview/SEGGER_RTT_printf.c **** *   notice, this condition and the following disclaimer.             *
  28:systemview/SEGGER_RTT_printf.c **** *                                                                    *
  29:systemview/SEGGER_RTT_printf.c **** * THIS SOFTWARE IS PROVIDED BY THE COPYRIGHT HOLDERS AND             *
  30:systemview/SEGGER_RTT_printf.c **** * CONTRIBUTORS "AS IS" AND ANY EXPRESS OR IMPLIED WARRANTIES,        *
  31:systemview/SEGGER_RTT_printf.c **** * INCLUDING, BUT NOT LIMITED TO, THE IMPLIED WARRANTIES OF           *
  32:systemview/SEGGER_RTT_printf.c **** * MERCHANTABILITY AND FITNESS FOR A PARTICULAR PURPOSE ARE           *
ARM GAS  C:\Users\20398\AppData\Local\Temp\cc8CUUuw.s 			page 2


  33:systemview/SEGGER_RTT_printf.c **** * DISCLAIMED. IN NO EVENT SHALL SEGGER Microcontroller BE LIABLE FOR *
  34:systemview/SEGGER_RTT_printf.c **** * ANY DIRECT, INDIRECT, INCIDENTAL, SPECIAL, EXEMPLARY, OR           *
  35:systemview/SEGGER_RTT_printf.c **** * CONSEQUENTIAL DAMAGES (INCLUDING, BUT NOT LIMITED TO, PROCUREMENT  *
  36:systemview/SEGGER_RTT_printf.c **** * OF SUBSTITUTE GOODS OR SERVICES; LOSS OF USE, DATA, OR PROFITS;    *
  37:systemview/SEGGER_RTT_printf.c **** * OR BUSINESS INTERRUPTION) HOWEVER CAUSED AND ON ANY THEORY OF      *
  38:systemview/SEGGER_RTT_printf.c **** * LIABILITY, WHETHER IN CONTRACT, STRICT LIABILITY, OR TORT          *
  39:systemview/SEGGER_RTT_printf.c **** * (INCLUDING NEGLIGENCE OR OTHERWISE) ARISING IN ANY WAY OUT OF THE  *
  40:systemview/SEGGER_RTT_printf.c **** * USE OF THIS SOFTWARE, EVEN IF ADVISED OF THE POSSIBILITY OF SUCH   *
  41:systemview/SEGGER_RTT_printf.c **** * DAMAGE.                                                            *
  42:systemview/SEGGER_RTT_printf.c **** *                                                                    *
  43:systemview/SEGGER_RTT_printf.c **** **********************************************************************
  44:systemview/SEGGER_RTT_printf.c **** *                                                                    *
  45:systemview/SEGGER_RTT_printf.c **** *       SystemView version: 3.58                                    *
  46:systemview/SEGGER_RTT_printf.c **** *                                                                    *
  47:systemview/SEGGER_RTT_printf.c **** **********************************************************************
  48:systemview/SEGGER_RTT_printf.c **** ---------------------------END-OF-HEADER------------------------------
  49:systemview/SEGGER_RTT_printf.c **** File    : SEGGER_RTT_printf.c
  50:systemview/SEGGER_RTT_printf.c **** Purpose : Replacement for printf to write formatted data via RTT
  51:systemview/SEGGER_RTT_printf.c **** Revision: $Rev: 17697 $
  52:systemview/SEGGER_RTT_printf.c **** ----------------------------------------------------------------------
  53:systemview/SEGGER_RTT_printf.c **** */
  54:systemview/SEGGER_RTT_printf.c **** #include "SEGGER_RTT.h"
  55:systemview/SEGGER_RTT_printf.c **** #include "SEGGER_RTT_Conf.h"
  56:systemview/SEGGER_RTT_printf.c **** 
  57:systemview/SEGGER_RTT_printf.c **** /*********************************************************************
  58:systemview/SEGGER_RTT_printf.c **** *
  59:systemview/SEGGER_RTT_printf.c **** *       Defines, configurable
  60:systemview/SEGGER_RTT_printf.c **** *
  61:systemview/SEGGER_RTT_printf.c **** **********************************************************************
  62:systemview/SEGGER_RTT_printf.c **** */
  63:systemview/SEGGER_RTT_printf.c **** 
  64:systemview/SEGGER_RTT_printf.c **** #ifndef SEGGER_RTT_PRINTF_BUFFER_SIZE
  65:systemview/SEGGER_RTT_printf.c ****   #define SEGGER_RTT_PRINTF_BUFFER_SIZE (64)
  66:systemview/SEGGER_RTT_printf.c **** #endif
  67:systemview/SEGGER_RTT_printf.c **** 
  68:systemview/SEGGER_RTT_printf.c **** #include <stdlib.h>
  69:systemview/SEGGER_RTT_printf.c **** #include <stdarg.h>
  70:systemview/SEGGER_RTT_printf.c **** 
  71:systemview/SEGGER_RTT_printf.c **** 
  72:systemview/SEGGER_RTT_printf.c **** #define FORMAT_FLAG_LEFT_JUSTIFY   (1u << 0)
  73:systemview/SEGGER_RTT_printf.c **** #define FORMAT_FLAG_PAD_ZERO       (1u << 1)
  74:systemview/SEGGER_RTT_printf.c **** #define FORMAT_FLAG_PRINT_SIGN     (1u << 2)
  75:systemview/SEGGER_RTT_printf.c **** #define FORMAT_FLAG_ALTERNATE      (1u << 3)
  76:systemview/SEGGER_RTT_printf.c **** 
  77:systemview/SEGGER_RTT_printf.c **** /*********************************************************************
  78:systemview/SEGGER_RTT_printf.c **** *
  79:systemview/SEGGER_RTT_printf.c **** *       Types
  80:systemview/SEGGER_RTT_printf.c **** *
  81:systemview/SEGGER_RTT_printf.c **** **********************************************************************
  82:systemview/SEGGER_RTT_printf.c **** */
  83:systemview/SEGGER_RTT_printf.c **** 
  84:systemview/SEGGER_RTT_printf.c **** typedef struct {
  85:systemview/SEGGER_RTT_printf.c ****   char*     pBuffer;
  86:systemview/SEGGER_RTT_printf.c ****   unsigned  BufferSize;
  87:systemview/SEGGER_RTT_printf.c ****   unsigned  Cnt;
  88:systemview/SEGGER_RTT_printf.c **** 
  89:systemview/SEGGER_RTT_printf.c ****   int   ReturnValue;
ARM GAS  C:\Users\20398\AppData\Local\Temp\cc8CUUuw.s 			page 3


  90:systemview/SEGGER_RTT_printf.c **** 
  91:systemview/SEGGER_RTT_printf.c ****   unsigned RTTBufferIndex;
  92:systemview/SEGGER_RTT_printf.c **** } SEGGER_RTT_PRINTF_DESC;
  93:systemview/SEGGER_RTT_printf.c **** 
  94:systemview/SEGGER_RTT_printf.c **** /*********************************************************************
  95:systemview/SEGGER_RTT_printf.c **** *
  96:systemview/SEGGER_RTT_printf.c **** *       Function prototypes
  97:systemview/SEGGER_RTT_printf.c **** *
  98:systemview/SEGGER_RTT_printf.c **** **********************************************************************
  99:systemview/SEGGER_RTT_printf.c **** */
 100:systemview/SEGGER_RTT_printf.c **** 
 101:systemview/SEGGER_RTT_printf.c **** /*********************************************************************
 102:systemview/SEGGER_RTT_printf.c **** *
 103:systemview/SEGGER_RTT_printf.c **** *       Static code
 104:systemview/SEGGER_RTT_printf.c **** *
 105:systemview/SEGGER_RTT_printf.c **** **********************************************************************
 106:systemview/SEGGER_RTT_printf.c **** */
 107:systemview/SEGGER_RTT_printf.c **** /*********************************************************************
 108:systemview/SEGGER_RTT_printf.c **** *
 109:systemview/SEGGER_RTT_printf.c **** *       _StoreChar
 110:systemview/SEGGER_RTT_printf.c **** */
 111:systemview/SEGGER_RTT_printf.c **** static void _StoreChar(SEGGER_RTT_PRINTF_DESC * p, char c) {
  27              		.loc 1 111 60 view -0
  28              		.cfi_startproc
  29              		@ args = 0, pretend = 0, frame = 0
  30              		@ frame_needed = 0, uses_anonymous_args = 0
  31              		.loc 1 111 60 is_stmt 0 view .LVU1
  32 0000 10B5     		push	{r4, lr}
  33              	.LCFI0:
  34              		.cfi_def_cfa_offset 8
  35              		.cfi_offset 4, -8
  36              		.cfi_offset 14, -4
  37 0002 0446     		mov	r4, r0
 112:systemview/SEGGER_RTT_printf.c ****   unsigned Cnt;
  38              		.loc 1 112 3 is_stmt 1 view .LVU2
 113:systemview/SEGGER_RTT_printf.c **** 
 114:systemview/SEGGER_RTT_printf.c ****   Cnt = p->Cnt;
  39              		.loc 1 114 3 view .LVU3
  40              		.loc 1 114 7 is_stmt 0 view .LVU4
  41 0004 8268     		ldr	r2, [r0, #8]
  42              	.LVL1:
 115:systemview/SEGGER_RTT_printf.c ****   if ((Cnt + 1u) <= p->BufferSize) {
  43              		.loc 1 115 3 is_stmt 1 view .LVU5
  44              		.loc 1 115 12 is_stmt 0 view .LVU6
  45 0006 531C     		adds	r3, r2, #1
  46              		.loc 1 115 22 view .LVU7
  47 0008 4068     		ldr	r0, [r0, #4]
  48              	.LVL2:
  49              		.loc 1 115 6 view .LVU8
  50 000a 8342     		cmp	r3, r0
  51 000c 05D8     		bhi	.L2
 116:systemview/SEGGER_RTT_printf.c ****     *(p->pBuffer + Cnt) = c;
  52              		.loc 1 116 5 is_stmt 1 view .LVU9
  53              		.loc 1 116 8 is_stmt 0 view .LVU10
  54 000e 2068     		ldr	r0, [r4]
  55              		.loc 1 116 25 view .LVU11
  56 0010 8154     		strb	r1, [r0, r2]
ARM GAS  C:\Users\20398\AppData\Local\Temp\cc8CUUuw.s 			page 4


 117:systemview/SEGGER_RTT_printf.c ****     p->Cnt = Cnt + 1u;
  57              		.loc 1 117 5 is_stmt 1 view .LVU12
  58              		.loc 1 117 12 is_stmt 0 view .LVU13
  59 0012 A360     		str	r3, [r4, #8]
 118:systemview/SEGGER_RTT_printf.c ****     p->ReturnValue++;
  60              		.loc 1 118 5 is_stmt 1 view .LVU14
  61              		.loc 1 118 6 is_stmt 0 view .LVU15
  62 0014 E368     		ldr	r3, [r4, #12]
  63              		.loc 1 118 19 view .LVU16
  64 0016 0133     		adds	r3, r3, #1
  65 0018 E360     		str	r3, [r4, #12]
  66              	.L2:
 119:systemview/SEGGER_RTT_printf.c ****   }
 120:systemview/SEGGER_RTT_printf.c ****   //
 121:systemview/SEGGER_RTT_printf.c ****   // Write part of string, when the buffer is full
 122:systemview/SEGGER_RTT_printf.c ****   //
 123:systemview/SEGGER_RTT_printf.c ****   if (p->Cnt == p->BufferSize) {
  67              		.loc 1 123 3 is_stmt 1 view .LVU17
  68              		.loc 1 123 8 is_stmt 0 view .LVU18
  69 001a A268     		ldr	r2, [r4, #8]
  70              	.LVL3:
  71              		.loc 1 123 18 view .LVU19
  72 001c 6368     		ldr	r3, [r4, #4]
  73              		.loc 1 123 6 view .LVU20
  74 001e 9A42     		cmp	r2, r3
  75 0020 00D0     		beq	.L6
  76              	.LVL4:
  77              	.L1:
 124:systemview/SEGGER_RTT_printf.c ****     if (SEGGER_RTT_Write(p->RTTBufferIndex, p->pBuffer, p->Cnt) != p->Cnt) {
 125:systemview/SEGGER_RTT_printf.c ****       p->ReturnValue = -1;
 126:systemview/SEGGER_RTT_printf.c ****     } else {
 127:systemview/SEGGER_RTT_printf.c ****       p->Cnt = 0u;
 128:systemview/SEGGER_RTT_printf.c ****     }
 129:systemview/SEGGER_RTT_printf.c ****   }
 130:systemview/SEGGER_RTT_printf.c **** }
  78              		.loc 1 130 1 view .LVU21
  79 0022 10BD     		pop	{r4, pc}
  80              	.LVL5:
  81              	.L6:
 124:systemview/SEGGER_RTT_printf.c ****     if (SEGGER_RTT_Write(p->RTTBufferIndex, p->pBuffer, p->Cnt) != p->Cnt) {
  82              		.loc 1 124 5 is_stmt 1 view .LVU22
 124:systemview/SEGGER_RTT_printf.c ****     if (SEGGER_RTT_Write(p->RTTBufferIndex, p->pBuffer, p->Cnt) != p->Cnt) {
  83              		.loc 1 124 9 is_stmt 0 view .LVU23
  84 0024 2168     		ldr	r1, [r4]
  85              	.LVL6:
 124:systemview/SEGGER_RTT_printf.c ****     if (SEGGER_RTT_Write(p->RTTBufferIndex, p->pBuffer, p->Cnt) != p->Cnt) {
  86              		.loc 1 124 9 view .LVU24
  87 0026 2069     		ldr	r0, [r4, #16]
  88 0028 FFF7FEFF 		bl	SEGGER_RTT_Write
  89              	.LVL7:
 124:systemview/SEGGER_RTT_printf.c ****     if (SEGGER_RTT_Write(p->RTTBufferIndex, p->pBuffer, p->Cnt) != p->Cnt) {
  90              		.loc 1 124 69 view .LVU25
  91 002c A368     		ldr	r3, [r4, #8]
 124:systemview/SEGGER_RTT_printf.c ****     if (SEGGER_RTT_Write(p->RTTBufferIndex, p->pBuffer, p->Cnt) != p->Cnt) {
  92              		.loc 1 124 8 view .LVU26
  93 002e 9842     		cmp	r0, r3
  94 0030 03D0     		beq	.L4
ARM GAS  C:\Users\20398\AppData\Local\Temp\cc8CUUuw.s 			page 5


 125:systemview/SEGGER_RTT_printf.c ****     } else {
  95              		.loc 1 125 7 is_stmt 1 view .LVU27
 125:systemview/SEGGER_RTT_printf.c ****     } else {
  96              		.loc 1 125 22 is_stmt 0 view .LVU28
  97 0032 4FF0FF33 		mov	r3, #-1
  98 0036 E360     		str	r3, [r4, #12]
  99 0038 F3E7     		b	.L1
 100              	.L4:
 127:systemview/SEGGER_RTT_printf.c ****     }
 101              		.loc 1 127 7 is_stmt 1 view .LVU29
 127:systemview/SEGGER_RTT_printf.c ****     }
 102              		.loc 1 127 14 is_stmt 0 view .LVU30
 103 003a 0023     		movs	r3, #0
 104 003c A360     		str	r3, [r4, #8]
 105              		.loc 1 130 1 view .LVU31
 106 003e F0E7     		b	.L1
 107              		.cfi_endproc
 108              	.LFE0:
 110              		.section	.text._PrintUnsigned,"ax",%progbits
 111              		.align	1
 112              		.syntax unified
 113              		.thumb
 114              		.thumb_func
 116              	_PrintUnsigned:
 117              	.LVL8:
 118              	.LFB1:
 131:systemview/SEGGER_RTT_printf.c **** 
 132:systemview/SEGGER_RTT_printf.c **** /*********************************************************************
 133:systemview/SEGGER_RTT_printf.c **** *
 134:systemview/SEGGER_RTT_printf.c **** *       _PrintUnsigned
 135:systemview/SEGGER_RTT_printf.c **** */
 136:systemview/SEGGER_RTT_printf.c **** static void _PrintUnsigned(SEGGER_RTT_PRINTF_DESC * pBufferDesc, unsigned v, unsigned Base, unsigne
 119              		.loc 1 136 156 is_stmt 1 view -0
 120              		.cfi_startproc
 121              		@ args = 8, pretend = 0, frame = 0
 122              		@ frame_needed = 0, uses_anonymous_args = 0
 123              		.loc 1 136 156 is_stmt 0 view .LVU33
 124 0000 2DE9F84F 		push	{r3, r4, r5, r6, r7, r8, r9, r10, fp, lr}
 125              	.LCFI1:
 126              		.cfi_def_cfa_offset 40
 127              		.cfi_offset 3, -40
 128              		.cfi_offset 4, -36
 129              		.cfi_offset 5, -32
 130              		.cfi_offset 6, -28
 131              		.cfi_offset 7, -24
 132              		.cfi_offset 8, -20
 133              		.cfi_offset 9, -16
 134              		.cfi_offset 10, -12
 135              		.cfi_offset 11, -8
 136              		.cfi_offset 14, -4
 137 0004 8146     		mov	r9, r0
 138 0006 0F46     		mov	r7, r1
 139 0008 1546     		mov	r5, r2
 140 000a 1E46     		mov	r6, r3
 141 000c DDF828A0 		ldr	r10, [sp, #40]
 142 0010 0B9A     		ldr	r2, [sp, #44]
 143              	.LVL9:
ARM GAS  C:\Users\20398\AppData\Local\Temp\cc8CUUuw.s 			page 6


 137:systemview/SEGGER_RTT_printf.c ****   static const char _aV2C[16] = {'0', '1', '2', '3', '4', '5', '6', '7', '8', '9', 'A', 'B', 'C', '
 144              		.loc 1 137 3 is_stmt 1 view .LVU34
 138:systemview/SEGGER_RTT_printf.c ****   unsigned Div;
 145              		.loc 1 138 3 view .LVU35
 139:systemview/SEGGER_RTT_printf.c ****   unsigned Digit;
 146              		.loc 1 139 3 view .LVU36
 140:systemview/SEGGER_RTT_printf.c ****   unsigned Number;
 147              		.loc 1 140 3 view .LVU37
 141:systemview/SEGGER_RTT_printf.c ****   unsigned Width;
 148              		.loc 1 141 3 view .LVU38
 142:systemview/SEGGER_RTT_printf.c ****   char c;
 149              		.loc 1 142 3 view .LVU39
 143:systemview/SEGGER_RTT_printf.c **** 
 144:systemview/SEGGER_RTT_printf.c ****   Number = v;
 150              		.loc 1 144 3 view .LVU40
 145:systemview/SEGGER_RTT_printf.c ****   Digit = 1u;
 151              		.loc 1 145 3 view .LVU41
 146:systemview/SEGGER_RTT_printf.c ****   //
 147:systemview/SEGGER_RTT_printf.c ****   // Get actual field width
 148:systemview/SEGGER_RTT_printf.c ****   //
 149:systemview/SEGGER_RTT_printf.c ****   Width = 1u;
 152              		.loc 1 149 3 view .LVU42
 150:systemview/SEGGER_RTT_printf.c ****   while (Number >= Base) {
 153              		.loc 1 150 3 view .LVU43
 144:systemview/SEGGER_RTT_printf.c ****   Digit = 1u;
 154              		.loc 1 144 10 is_stmt 0 view .LVU44
 155 0012 0B46     		mov	r3, r1
 156              	.LVL10:
 149:systemview/SEGGER_RTT_printf.c ****   while (Number >= Base) {
 157              		.loc 1 149 9 view .LVU45
 158 0014 4FF00108 		mov	r8, #1
 159              		.loc 1 150 9 view .LVU46
 160 0018 03E0     		b	.L8
 161              	.LVL11:
 162              	.L9:
 151:systemview/SEGGER_RTT_printf.c ****     Number = (Number / Base);
 163              		.loc 1 151 5 is_stmt 1 view .LVU47
 164              		.loc 1 151 12 is_stmt 0 view .LVU48
 165 001a B3FBF5F3 		udiv	r3, r3, r5
 166              	.LVL12:
 152:systemview/SEGGER_RTT_printf.c ****     Width++;
 167              		.loc 1 152 5 is_stmt 1 view .LVU49
 168              		.loc 1 152 10 is_stmt 0 view .LVU50
 169 001e 08F10108 		add	r8, r8, #1
 170              	.LVL13:
 171              	.L8:
 150:systemview/SEGGER_RTT_printf.c ****     Number = (Number / Base);
 172              		.loc 1 150 9 is_stmt 1 view .LVU51
 173 0022 AB42     		cmp	r3, r5
 174 0024 F9D2     		bcs	.L9
 153:systemview/SEGGER_RTT_printf.c ****   }
 154:systemview/SEGGER_RTT_printf.c ****   if (NumDigits > Width) {
 175              		.loc 1 154 3 view .LVU52
 176              		.loc 1 154 6 is_stmt 0 view .LVU53
 177 0026 B045     		cmp	r8, r6
 178 0028 00D2     		bcs	.L10
 155:systemview/SEGGER_RTT_printf.c ****     Width = NumDigits;
ARM GAS  C:\Users\20398\AppData\Local\Temp\cc8CUUuw.s 			page 7


 179              		.loc 1 155 11 view .LVU54
 180 002a B046     		mov	r8, r6
 181              	.LVL14:
 182              	.L10:
 156:systemview/SEGGER_RTT_printf.c ****   }
 157:systemview/SEGGER_RTT_printf.c ****   //
 158:systemview/SEGGER_RTT_printf.c ****   // Print leading chars if necessary
 159:systemview/SEGGER_RTT_printf.c ****   //
 160:systemview/SEGGER_RTT_printf.c ****   if ((FormatFlags & FORMAT_FLAG_LEFT_JUSTIFY) == 0u) {
 183              		.loc 1 160 3 is_stmt 1 view .LVU55
 184              		.loc 1 160 6 is_stmt 0 view .LVU56
 185 002c 12F0010B 		ands	fp, r2, #1
 186 0030 18D1     		bne	.L11
 161:systemview/SEGGER_RTT_printf.c ****     if (FieldWidth != 0u) {
 187              		.loc 1 161 5 is_stmt 1 view .LVU57
 188              		.loc 1 161 8 is_stmt 0 view .LVU58
 189 0032 BAF1000F 		cmp	r10, #0
 190 0036 15D0     		beq	.L11
 162:systemview/SEGGER_RTT_printf.c ****       if (((FormatFlags & FORMAT_FLAG_PAD_ZERO) == FORMAT_FLAG_PAD_ZERO) && (NumDigits == 0u)) {
 191              		.loc 1 162 7 is_stmt 1 view .LVU59
 192              		.loc 1 162 10 is_stmt 0 view .LVU60
 193 0038 12F0020F 		tst	r2, #2
 194 003c 02D0     		beq	.L24
 195              		.loc 1 162 74 discriminator 1 view .LVU61
 196 003e BEB1     		cbz	r6, .L25
 163:systemview/SEGGER_RTT_printf.c ****         c = '0';
 164:systemview/SEGGER_RTT_printf.c ****       } else {
 165:systemview/SEGGER_RTT_printf.c ****         c = ' ';
 197              		.loc 1 165 11 view .LVU62
 198 0040 2024     		movs	r4, #32
 199 0042 00E0     		b	.L13
 200              	.L24:
 201 0044 2024     		movs	r4, #32
 202              	.LVL15:
 203              	.L13:
 166:systemview/SEGGER_RTT_printf.c ****       }
 167:systemview/SEGGER_RTT_printf.c ****       while ((FieldWidth != 0u) && (Width < FieldWidth)) {
 204              		.loc 1 167 13 is_stmt 1 view .LVU63
 205 0046 BAF1000F 		cmp	r10, #0
 206 004a 0BD0     		beq	.L11
 207              		.loc 1 167 33 is_stmt 0 discriminator 1 view .LVU64
 208 004c C245     		cmp	r10, r8
 209 004e 09D9     		bls	.L11
 168:systemview/SEGGER_RTT_printf.c ****         FieldWidth--;
 210              		.loc 1 168 9 is_stmt 1 view .LVU65
 211              		.loc 1 168 19 is_stmt 0 view .LVU66
 212 0050 0AF1FF3A 		add	r10, r10, #-1
 213              	.LVL16:
 169:systemview/SEGGER_RTT_printf.c ****         _StoreChar(pBufferDesc, c);
 214              		.loc 1 169 9 is_stmt 1 view .LVU67
 215 0054 2146     		mov	r1, r4
 216 0056 4846     		mov	r0, r9
 217 0058 FFF7FEFF 		bl	_StoreChar
 218              	.LVL17:
 170:systemview/SEGGER_RTT_printf.c ****         if (pBufferDesc->ReturnValue < 0) {
 219              		.loc 1 170 9 view .LVU68
 220              		.loc 1 170 24 is_stmt 0 view .LVU69
ARM GAS  C:\Users\20398\AppData\Local\Temp\cc8CUUuw.s 			page 8


 221 005c D9F80C30 		ldr	r3, [r9, #12]
 222              		.loc 1 170 12 view .LVU70
 223 0060 002B     		cmp	r3, #0
 224 0062 F0DA     		bge	.L13
 225              	.LVL18:
 226              	.L11:
 171:systemview/SEGGER_RTT_printf.c ****           break;
 172:systemview/SEGGER_RTT_printf.c ****         }
 173:systemview/SEGGER_RTT_printf.c ****       }
 174:systemview/SEGGER_RTT_printf.c ****     }
 175:systemview/SEGGER_RTT_printf.c ****   }
 176:systemview/SEGGER_RTT_printf.c ****   if (pBufferDesc->ReturnValue >= 0) {
 227              		.loc 1 176 3 is_stmt 1 view .LVU71
 228              		.loc 1 176 18 is_stmt 0 view .LVU72
 229 0064 D9F80C30 		ldr	r3, [r9, #12]
 230              		.loc 1 176 6 view .LVU73
 231 0068 002B     		cmp	r3, #0
 232 006a 25DB     		blt	.L7
 145:systemview/SEGGER_RTT_printf.c ****   //
 233              		.loc 1 145 9 view .LVU74
 234 006c 0124     		movs	r4, #1
 235 006e 04E0     		b	.L19
 236              	.LVL19:
 237              	.L25:
 163:systemview/SEGGER_RTT_printf.c ****       } else {
 238              		.loc 1 163 11 view .LVU75
 239 0070 3024     		movs	r4, #48
 240 0072 E8E7     		b	.L13
 241              	.LVL20:
 242              	.L28:
 177:systemview/SEGGER_RTT_printf.c ****     //
 178:systemview/SEGGER_RTT_printf.c ****     // Compute Digit.
 179:systemview/SEGGER_RTT_printf.c ****     // Loop until Digit has the value of the highest digit required.
 180:systemview/SEGGER_RTT_printf.c ****     // Example: If the output is 345 (Base 10), loop 2 times until Digit is 100.
 181:systemview/SEGGER_RTT_printf.c ****     //
 182:systemview/SEGGER_RTT_printf.c ****     while (1) {
 183:systemview/SEGGER_RTT_printf.c ****       if (NumDigits > 1u) {       // User specified a min number of digits to print? => Make sure w
 184:systemview/SEGGER_RTT_printf.c ****         NumDigits--;
 243              		.loc 1 184 9 is_stmt 1 view .LVU76
 244              		.loc 1 184 18 is_stmt 0 view .LVU77
 245 0074 013E     		subs	r6, r6, #1
 246              	.LVL21:
 247              	.L17:
 185:systemview/SEGGER_RTT_printf.c ****       } else {
 186:systemview/SEGGER_RTT_printf.c ****         Div = v / Digit;
 187:systemview/SEGGER_RTT_printf.c ****         if (Div < Base) {        // Is our divider big enough to extract the highest digit from val
 188:systemview/SEGGER_RTT_printf.c ****           break;
 189:systemview/SEGGER_RTT_printf.c ****         }
 190:systemview/SEGGER_RTT_printf.c ****       }
 191:systemview/SEGGER_RTT_printf.c ****       Digit *= Base;
 248              		.loc 1 191 7 is_stmt 1 view .LVU78
 249              		.loc 1 191 13 is_stmt 0 view .LVU79
 250 0076 05FB04F4 		mul	r4, r5, r4
 251              	.LVL22:
 182:systemview/SEGGER_RTT_printf.c ****       if (NumDigits > 1u) {       // User specified a min number of digits to print? => Make sure w
 252              		.loc 1 182 11 is_stmt 1 view .LVU80
 253              	.L19:
ARM GAS  C:\Users\20398\AppData\Local\Temp\cc8CUUuw.s 			page 9


 182:systemview/SEGGER_RTT_printf.c ****       if (NumDigits > 1u) {       // User specified a min number of digits to print? => Make sure w
 254              		.loc 1 182 5 view .LVU81
 183:systemview/SEGGER_RTT_printf.c ****         NumDigits--;
 255              		.loc 1 183 7 view .LVU82
 183:systemview/SEGGER_RTT_printf.c ****         NumDigits--;
 256              		.loc 1 183 10 is_stmt 0 view .LVU83
 257 007a 012E     		cmp	r6, #1
 258 007c FAD8     		bhi	.L28
 186:systemview/SEGGER_RTT_printf.c ****         if (Div < Base) {        // Is our divider big enough to extract the highest digit from val
 259              		.loc 1 186 9 is_stmt 1 view .LVU84
 186:systemview/SEGGER_RTT_printf.c ****         if (Div < Base) {        // Is our divider big enough to extract the highest digit from val
 260              		.loc 1 186 13 is_stmt 0 view .LVU85
 261 007e B7FBF4F3 		udiv	r3, r7, r4
 262              	.LVL23:
 187:systemview/SEGGER_RTT_printf.c ****           break;
 263              		.loc 1 187 9 is_stmt 1 view .LVU86
 187:systemview/SEGGER_RTT_printf.c ****           break;
 264              		.loc 1 187 12 is_stmt 0 view .LVU87
 265 0082 9D42     		cmp	r5, r3
 266 0084 F7D9     		bls	.L17
 267 0086 00E0     		b	.L18
 268              	.LVL24:
 269              	.L26:
 192:systemview/SEGGER_RTT_printf.c ****     }
 193:systemview/SEGGER_RTT_printf.c ****     //
 194:systemview/SEGGER_RTT_printf.c ****     // Output digits
 195:systemview/SEGGER_RTT_printf.c ****     //
 196:systemview/SEGGER_RTT_printf.c ****     do {
 197:systemview/SEGGER_RTT_printf.c ****       Div = v / Digit;
 198:systemview/SEGGER_RTT_printf.c ****       v -= Div * Digit;
 199:systemview/SEGGER_RTT_printf.c ****       _StoreChar(pBufferDesc, _aV2C[Div]);
 200:systemview/SEGGER_RTT_printf.c ****       if (pBufferDesc->ReturnValue < 0) {
 201:systemview/SEGGER_RTT_printf.c ****         break;
 202:systemview/SEGGER_RTT_printf.c ****       }
 203:systemview/SEGGER_RTT_printf.c ****       Digit /= Base;
 270              		.loc 1 203 13 view .LVU88
 271 0088 1C46     		mov	r4, r3
 272              	.LVL25:
 273              	.L18:
 196:systemview/SEGGER_RTT_printf.c ****       Div = v / Digit;
 274              		.loc 1 196 5 is_stmt 1 view .LVU89
 197:systemview/SEGGER_RTT_printf.c ****       v -= Div * Digit;
 275              		.loc 1 197 7 view .LVU90
 197:systemview/SEGGER_RTT_printf.c ****       v -= Div * Digit;
 276              		.loc 1 197 11 is_stmt 0 view .LVU91
 277 008a B7FBF4F3 		udiv	r3, r7, r4
 278              	.LVL26:
 198:systemview/SEGGER_RTT_printf.c ****       _StoreChar(pBufferDesc, _aV2C[Div]);
 279              		.loc 1 198 7 is_stmt 1 view .LVU92
 280 008e 04FB1377 		mls	r7, r4, r3, r7
 281              	.LVL27:
 199:systemview/SEGGER_RTT_printf.c ****       if (pBufferDesc->ReturnValue < 0) {
 282              		.loc 1 199 7 view .LVU93
 283 0092 124A     		ldr	r2, .L29
 284 0094 D15C     		ldrb	r1, [r2, r3]	@ zero_extendqisi2
 285 0096 4846     		mov	r0, r9
 286 0098 FFF7FEFF 		bl	_StoreChar
ARM GAS  C:\Users\20398\AppData\Local\Temp\cc8CUUuw.s 			page 10


 287              	.LVL28:
 200:systemview/SEGGER_RTT_printf.c ****         break;
 288              		.loc 1 200 7 view .LVU94
 200:systemview/SEGGER_RTT_printf.c ****         break;
 289              		.loc 1 200 22 is_stmt 0 view .LVU95
 290 009c D9F80C30 		ldr	r3, [r9, #12]
 200:systemview/SEGGER_RTT_printf.c ****         break;
 291              		.loc 1 200 10 view .LVU96
 292 00a0 002B     		cmp	r3, #0
 293 00a2 03DB     		blt	.L20
 294              		.loc 1 203 7 is_stmt 1 view .LVU97
 295              		.loc 1 203 13 is_stmt 0 view .LVU98
 296 00a4 B4FBF5F3 		udiv	r3, r4, r5
 297              	.LVL29:
 204:systemview/SEGGER_RTT_printf.c ****     } while (Digit);
 298              		.loc 1 204 13 is_stmt 1 view .LVU99
 299              		.loc 1 204 5 is_stmt 0 view .LVU100
 300 00a8 AC42     		cmp	r4, r5
 301 00aa EDD2     		bcs	.L26
 302              	.LVL30:
 303              	.L20:
 205:systemview/SEGGER_RTT_printf.c ****     //
 206:systemview/SEGGER_RTT_printf.c ****     // Print trailing spaces if necessary
 207:systemview/SEGGER_RTT_printf.c ****     //
 208:systemview/SEGGER_RTT_printf.c ****     if ((FormatFlags & FORMAT_FLAG_LEFT_JUSTIFY) == FORMAT_FLAG_LEFT_JUSTIFY) {
 304              		.loc 1 208 5 is_stmt 1 view .LVU101
 305              		.loc 1 208 8 is_stmt 0 view .LVU102
 306 00ac BBF1000F 		cmp	fp, #0
 307 00b0 02D0     		beq	.L7
 209:systemview/SEGGER_RTT_printf.c ****       if (FieldWidth != 0u) {
 308              		.loc 1 209 7 is_stmt 1 view .LVU103
 309              		.loc 1 209 10 is_stmt 0 view .LVU104
 310 00b2 BAF1000F 		cmp	r10, #0
 311 00b6 01D1     		bne	.L21
 312              	.L7:
 210:systemview/SEGGER_RTT_printf.c ****         while ((FieldWidth != 0u) && (Width < FieldWidth)) {
 211:systemview/SEGGER_RTT_printf.c ****           FieldWidth--;
 212:systemview/SEGGER_RTT_printf.c ****           _StoreChar(pBufferDesc, ' ');
 213:systemview/SEGGER_RTT_printf.c ****           if (pBufferDesc->ReturnValue < 0) {
 214:systemview/SEGGER_RTT_printf.c ****             break;
 215:systemview/SEGGER_RTT_printf.c ****           }
 216:systemview/SEGGER_RTT_printf.c ****         }
 217:systemview/SEGGER_RTT_printf.c ****       }
 218:systemview/SEGGER_RTT_printf.c ****     }
 219:systemview/SEGGER_RTT_printf.c ****   }
 220:systemview/SEGGER_RTT_printf.c **** }
 313              		.loc 1 220 1 view .LVU105
 314 00b8 BDE8F88F 		pop	{r3, r4, r5, r6, r7, r8, r9, r10, fp, pc}
 315              	.LVL31:
 316              	.L21:
 210:systemview/SEGGER_RTT_printf.c ****         while ((FieldWidth != 0u) && (Width < FieldWidth)) {
 317              		.loc 1 210 15 is_stmt 1 view .LVU106
 318 00bc BAF1000F 		cmp	r10, #0
 319 00c0 FAD0     		beq	.L7
 210:systemview/SEGGER_RTT_printf.c ****         while ((FieldWidth != 0u) && (Width < FieldWidth)) {
 320              		.loc 1 210 35 is_stmt 0 discriminator 1 view .LVU107
 321 00c2 C245     		cmp	r10, r8
ARM GAS  C:\Users\20398\AppData\Local\Temp\cc8CUUuw.s 			page 11


 322 00c4 F8D9     		bls	.L7
 211:systemview/SEGGER_RTT_printf.c ****           _StoreChar(pBufferDesc, ' ');
 323              		.loc 1 211 11 is_stmt 1 view .LVU108
 211:systemview/SEGGER_RTT_printf.c ****           _StoreChar(pBufferDesc, ' ');
 324              		.loc 1 211 21 is_stmt 0 view .LVU109
 325 00c6 0AF1FF3A 		add	r10, r10, #-1
 326              	.LVL32:
 212:systemview/SEGGER_RTT_printf.c ****           if (pBufferDesc->ReturnValue < 0) {
 327              		.loc 1 212 11 is_stmt 1 view .LVU110
 328 00ca 2021     		movs	r1, #32
 329 00cc 4846     		mov	r0, r9
 330 00ce FFF7FEFF 		bl	_StoreChar
 331              	.LVL33:
 213:systemview/SEGGER_RTT_printf.c ****             break;
 332              		.loc 1 213 11 view .LVU111
 213:systemview/SEGGER_RTT_printf.c ****             break;
 333              		.loc 1 213 26 is_stmt 0 view .LVU112
 334 00d2 D9F80C30 		ldr	r3, [r9, #12]
 213:systemview/SEGGER_RTT_printf.c ****             break;
 335              		.loc 1 213 14 view .LVU113
 336 00d6 002B     		cmp	r3, #0
 337 00d8 F0DA     		bge	.L21
 338 00da EDE7     		b	.L7
 339              	.L30:
 340              		.align	2
 341              	.L29:
 342 00dc 00000000 		.word	.LANCHOR0
 343              		.cfi_endproc
 344              	.LFE1:
 346              		.section	.text._PrintInt,"ax",%progbits
 347              		.align	1
 348              		.syntax unified
 349              		.thumb
 350              		.thumb_func
 352              	_PrintInt:
 353              	.LVL34:
 354              	.LFB2:
 221:systemview/SEGGER_RTT_printf.c **** 
 222:systemview/SEGGER_RTT_printf.c **** /*********************************************************************
 223:systemview/SEGGER_RTT_printf.c **** *
 224:systemview/SEGGER_RTT_printf.c **** *       _PrintInt
 225:systemview/SEGGER_RTT_printf.c **** */
 226:systemview/SEGGER_RTT_printf.c **** static void _PrintInt(SEGGER_RTT_PRINTF_DESC * pBufferDesc, int v, unsigned Base, unsigned NumDigit
 355              		.loc 1 226 146 is_stmt 1 view -0
 356              		.cfi_startproc
 357              		@ args = 8, pretend = 0, frame = 0
 358              		@ frame_needed = 0, uses_anonymous_args = 0
 359              		.loc 1 226 146 is_stmt 0 view .LVU115
 360 0000 2DE9F047 		push	{r4, r5, r6, r7, r8, r9, r10, lr}
 361              	.LCFI2:
 362              		.cfi_def_cfa_offset 32
 363              		.cfi_offset 4, -32
 364              		.cfi_offset 5, -28
 365              		.cfi_offset 6, -24
 366              		.cfi_offset 7, -20
 367              		.cfi_offset 8, -16
 368              		.cfi_offset 9, -12
ARM GAS  C:\Users\20398\AppData\Local\Temp\cc8CUUuw.s 			page 12


 369              		.cfi_offset 10, -8
 370              		.cfi_offset 14, -4
 371 0004 82B0     		sub	sp, sp, #8
 372              	.LCFI3:
 373              		.cfi_def_cfa_offset 40
 374 0006 0746     		mov	r7, r0
 375 0008 8846     		mov	r8, r1
 376 000a 1546     		mov	r5, r2
 377 000c 9946     		mov	r9, r3
 378 000e 0A9E     		ldr	r6, [sp, #40]
 379 0010 DDF82CA0 		ldr	r10, [sp, #44]
 227:systemview/SEGGER_RTT_printf.c ****   unsigned Width;
 380              		.loc 1 227 3 is_stmt 1 view .LVU116
 228:systemview/SEGGER_RTT_printf.c ****   int Number;
 381              		.loc 1 228 3 view .LVU117
 229:systemview/SEGGER_RTT_printf.c **** 
 230:systemview/SEGGER_RTT_printf.c ****   Number = (v < 0) ? -v : v;
 382              		.loc 1 230 3 view .LVU118
 383              		.loc 1 230 10 is_stmt 0 view .LVU119
 384 0014 81EAE17C 		eor	ip, r1, r1, asr #31
 385 0018 ACEBE17C 		sub	ip, ip, r1, asr #31
 386              	.LVL35:
 231:systemview/SEGGER_RTT_printf.c **** 
 232:systemview/SEGGER_RTT_printf.c ****   //
 233:systemview/SEGGER_RTT_printf.c ****   // Get actual field width
 234:systemview/SEGGER_RTT_printf.c ****   //
 235:systemview/SEGGER_RTT_printf.c ****   Width = 1u;
 387              		.loc 1 235 3 is_stmt 1 view .LVU120
 236:systemview/SEGGER_RTT_printf.c ****   while (Number >= (int)Base) {
 388              		.loc 1 236 3 view .LVU121
 235:systemview/SEGGER_RTT_printf.c ****   while (Number >= (int)Base) {
 389              		.loc 1 235 9 is_stmt 0 view .LVU122
 390 001c 0124     		movs	r4, #1
 391              		.loc 1 236 9 view .LVU123
 392 001e 02E0     		b	.L32
 393              	.LVL36:
 394              	.L33:
 237:systemview/SEGGER_RTT_printf.c ****     Number = (Number / (int)Base);
 395              		.loc 1 237 5 is_stmt 1 view .LVU124
 396              		.loc 1 237 12 is_stmt 0 view .LVU125
 397 0020 9CFBF5FC 		sdiv	ip, ip, r5
 398              	.LVL37:
 238:systemview/SEGGER_RTT_printf.c ****     Width++;
 399              		.loc 1 238 5 is_stmt 1 view .LVU126
 400              		.loc 1 238 10 is_stmt 0 view .LVU127
 401 0024 0134     		adds	r4, r4, #1
 402              	.LVL38:
 403              	.L32:
 236:systemview/SEGGER_RTT_printf.c ****     Number = (Number / (int)Base);
 404              		.loc 1 236 9 is_stmt 1 view .LVU128
 405 0026 6545     		cmp	r5, ip
 406 0028 FADD     		ble	.L33
 239:systemview/SEGGER_RTT_printf.c ****   }
 240:systemview/SEGGER_RTT_printf.c ****   if (NumDigits > Width) {
 407              		.loc 1 240 3 view .LVU129
 408              		.loc 1 240 6 is_stmt 0 view .LVU130
 409 002a 4C45     		cmp	r4, r9
ARM GAS  C:\Users\20398\AppData\Local\Temp\cc8CUUuw.s 			page 13


 410 002c 00D2     		bcs	.L34
 241:systemview/SEGGER_RTT_printf.c ****     Width = NumDigits;
 411              		.loc 1 241 11 view .LVU131
 412 002e 4C46     		mov	r4, r9
 413              	.LVL39:
 414              	.L34:
 242:systemview/SEGGER_RTT_printf.c ****   }
 243:systemview/SEGGER_RTT_printf.c ****   if ((FieldWidth > 0u) && ((v < 0) || ((FormatFlags & FORMAT_FLAG_PRINT_SIGN) == FORMAT_FLAG_PRINT
 415              		.loc 1 243 3 is_stmt 1 view .LVU132
 416              		.loc 1 243 6 is_stmt 0 view .LVU133
 417 0030 36B1     		cbz	r6, .L35
 418              		.loc 1 243 25 discriminator 1 view .LVU134
 419 0032 B8F1000F 		cmp	r8, #0
 420 0036 02DB     		blt	.L36
 421              		.loc 1 243 37 discriminator 2 view .LVU135
 422 0038 1AF0040F 		tst	r10, #4
 423 003c 00D0     		beq	.L35
 424              	.L36:
 244:systemview/SEGGER_RTT_printf.c ****     FieldWidth--;
 425              		.loc 1 244 5 is_stmt 1 view .LVU136
 426              		.loc 1 244 15 is_stmt 0 view .LVU137
 427 003e 013E     		subs	r6, r6, #1
 428              	.LVL40:
 429              	.L35:
 245:systemview/SEGGER_RTT_printf.c ****   }
 246:systemview/SEGGER_RTT_printf.c **** 
 247:systemview/SEGGER_RTT_printf.c ****   //
 248:systemview/SEGGER_RTT_printf.c ****   // Print leading spaces if necessary
 249:systemview/SEGGER_RTT_printf.c ****   //
 250:systemview/SEGGER_RTT_printf.c ****   if ((((FormatFlags & FORMAT_FLAG_PAD_ZERO) == 0u) || (NumDigits != 0u)) && ((FormatFlags & FORMAT
 430              		.loc 1 250 3 is_stmt 1 view .LVU138
 431              		.loc 1 250 6 is_stmt 0 view .LVU139
 432 0040 1AF0020F 		tst	r10, #2
 433 0044 02D0     		beq	.L37
 434              		.loc 1 250 53 discriminator 2 view .LVU140
 435 0046 B9F1000F 		cmp	r9, #0
 436 004a 03D0     		beq	.L38
 437              	.L37:
 438              		.loc 1 250 75 discriminator 3 view .LVU141
 439 004c 1AF0010F 		tst	r10, #1
 440 0050 00D1     		bne	.L38
 251:systemview/SEGGER_RTT_printf.c ****     if (FieldWidth != 0u) {
 441              		.loc 1 251 5 is_stmt 1 view .LVU142
 442              		.loc 1 251 8 is_stmt 0 view .LVU143
 443 0052 AEB9     		cbnz	r6, .L39
 444              	.LVL41:
 445              	.L38:
 252:systemview/SEGGER_RTT_printf.c ****       while ((FieldWidth != 0u) && (Width < FieldWidth)) {
 253:systemview/SEGGER_RTT_printf.c ****         FieldWidth--;
 254:systemview/SEGGER_RTT_printf.c ****         _StoreChar(pBufferDesc, ' ');
 255:systemview/SEGGER_RTT_printf.c ****         if (pBufferDesc->ReturnValue < 0) {
 256:systemview/SEGGER_RTT_printf.c ****           break;
 257:systemview/SEGGER_RTT_printf.c ****         }
 258:systemview/SEGGER_RTT_printf.c ****       }
 259:systemview/SEGGER_RTT_printf.c ****     }
 260:systemview/SEGGER_RTT_printf.c ****   }
 261:systemview/SEGGER_RTT_printf.c ****   //
ARM GAS  C:\Users\20398\AppData\Local\Temp\cc8CUUuw.s 			page 14


 262:systemview/SEGGER_RTT_printf.c ****   // Print sign if necessary
 263:systemview/SEGGER_RTT_printf.c ****   //
 264:systemview/SEGGER_RTT_printf.c ****   if (pBufferDesc->ReturnValue >= 0) {
 446              		.loc 1 264 3 is_stmt 1 view .LVU144
 447              		.loc 1 264 18 is_stmt 0 view .LVU145
 448 0054 FB68     		ldr	r3, [r7, #12]
 449              		.loc 1 264 6 view .LVU146
 450 0056 002B     		cmp	r3, #0
 451 0058 0FDB     		blt	.L31
 265:systemview/SEGGER_RTT_printf.c ****     if (v < 0) {
 452              		.loc 1 265 5 is_stmt 1 view .LVU147
 453              		.loc 1 265 8 is_stmt 0 view .LVU148
 454 005a B8F1000F 		cmp	r8, #0
 455 005e 1CDB     		blt	.L49
 266:systemview/SEGGER_RTT_printf.c ****       v = -v;
 267:systemview/SEGGER_RTT_printf.c ****       _StoreChar(pBufferDesc, '-');
 268:systemview/SEGGER_RTT_printf.c ****     } else if ((FormatFlags & FORMAT_FLAG_PRINT_SIGN) == FORMAT_FLAG_PRINT_SIGN) {
 456              		.loc 1 268 12 is_stmt 1 view .LVU149
 457              		.loc 1 268 15 is_stmt 0 view .LVU150
 458 0060 1AF0040F 		tst	r10, #4
 459 0064 20D1     		bne	.L50
 460              	.L43:
 269:systemview/SEGGER_RTT_printf.c ****       _StoreChar(pBufferDesc, '+');
 270:systemview/SEGGER_RTT_printf.c ****     } else {
 271:systemview/SEGGER_RTT_printf.c **** 
 272:systemview/SEGGER_RTT_printf.c ****     }
 461              		.loc 1 272 5 is_stmt 1 view .LVU151
 273:systemview/SEGGER_RTT_printf.c ****     if (pBufferDesc->ReturnValue >= 0) {
 462              		.loc 1 273 5 view .LVU152
 463              		.loc 1 273 20 is_stmt 0 view .LVU153
 464 0066 FB68     		ldr	r3, [r7, #12]
 465              		.loc 1 273 8 view .LVU154
 466 0068 002B     		cmp	r3, #0
 467 006a 06DB     		blt	.L31
 274:systemview/SEGGER_RTT_printf.c ****       //
 275:systemview/SEGGER_RTT_printf.c ****       // Print leading zeros if necessary
 276:systemview/SEGGER_RTT_printf.c ****       //
 277:systemview/SEGGER_RTT_printf.c ****       if (((FormatFlags & FORMAT_FLAG_PAD_ZERO) == FORMAT_FLAG_PAD_ZERO) && ((FormatFlags & FORMAT_
 468              		.loc 1 277 7 is_stmt 1 view .LVU155
 469              		.loc 1 277 74 is_stmt 0 view .LVU156
 470 006c 0AF00303 		and	r3, r10, #3
 471              		.loc 1 277 10 view .LVU157
 472 0070 022B     		cmp	r3, #2
 473 0072 1ED0     		beq	.L51
 474              	.L44:
 278:systemview/SEGGER_RTT_printf.c ****         if (FieldWidth != 0u) {
 279:systemview/SEGGER_RTT_printf.c ****           while ((FieldWidth != 0u) && (Width < FieldWidth)) {
 280:systemview/SEGGER_RTT_printf.c ****             FieldWidth--;
 281:systemview/SEGGER_RTT_printf.c ****             _StoreChar(pBufferDesc, '0');
 282:systemview/SEGGER_RTT_printf.c ****             if (pBufferDesc->ReturnValue < 0) {
 283:systemview/SEGGER_RTT_printf.c ****               break;
 284:systemview/SEGGER_RTT_printf.c ****             }
 285:systemview/SEGGER_RTT_printf.c ****           }
 286:systemview/SEGGER_RTT_printf.c ****         }
 287:systemview/SEGGER_RTT_printf.c ****       }
 288:systemview/SEGGER_RTT_printf.c ****       if (pBufferDesc->ReturnValue >= 0) {
 475              		.loc 1 288 7 is_stmt 1 view .LVU158
ARM GAS  C:\Users\20398\AppData\Local\Temp\cc8CUUuw.s 			page 15


 476              		.loc 1 288 22 is_stmt 0 view .LVU159
 477 0074 FB68     		ldr	r3, [r7, #12]
 478              		.loc 1 288 10 view .LVU160
 479 0076 002B     		cmp	r3, #0
 480 0078 2DDA     		bge	.L52
 481              	.L31:
 289:systemview/SEGGER_RTT_printf.c ****         //
 290:systemview/SEGGER_RTT_printf.c ****         // Print number without sign
 291:systemview/SEGGER_RTT_printf.c ****         //
 292:systemview/SEGGER_RTT_printf.c ****         _PrintUnsigned(pBufferDesc, (unsigned)v, Base, NumDigits, FieldWidth, FormatFlags);
 293:systemview/SEGGER_RTT_printf.c ****       }
 294:systemview/SEGGER_RTT_printf.c ****     }
 295:systemview/SEGGER_RTT_printf.c ****   }
 296:systemview/SEGGER_RTT_printf.c **** }
 482              		.loc 1 296 1 view .LVU161
 483 007a 02B0     		add	sp, sp, #8
 484              	.LCFI4:
 485              		.cfi_remember_state
 486              		.cfi_def_cfa_offset 32
 487              		@ sp needed
 488 007c BDE8F087 		pop	{r4, r5, r6, r7, r8, r9, r10, pc}
 489              	.LVL42:
 490              	.L39:
 491              	.LCFI5:
 492              		.cfi_restore_state
 252:systemview/SEGGER_RTT_printf.c ****         FieldWidth--;
 493              		.loc 1 252 13 is_stmt 1 view .LVU162
 494 0080 002E     		cmp	r6, #0
 495 0082 E7D0     		beq	.L38
 252:systemview/SEGGER_RTT_printf.c ****         FieldWidth--;
 496              		.loc 1 252 33 is_stmt 0 discriminator 1 view .LVU163
 497 0084 A642     		cmp	r6, r4
 498 0086 E5D9     		bls	.L38
 253:systemview/SEGGER_RTT_printf.c ****         _StoreChar(pBufferDesc, ' ');
 499              		.loc 1 253 9 is_stmt 1 view .LVU164
 253:systemview/SEGGER_RTT_printf.c ****         _StoreChar(pBufferDesc, ' ');
 500              		.loc 1 253 19 is_stmt 0 view .LVU165
 501 0088 013E     		subs	r6, r6, #1
 502              	.LVL43:
 254:systemview/SEGGER_RTT_printf.c ****         if (pBufferDesc->ReturnValue < 0) {
 503              		.loc 1 254 9 is_stmt 1 view .LVU166
 504 008a 2021     		movs	r1, #32
 505 008c 3846     		mov	r0, r7
 506 008e FFF7FEFF 		bl	_StoreChar
 507              	.LVL44:
 255:systemview/SEGGER_RTT_printf.c ****           break;
 508              		.loc 1 255 9 view .LVU167
 255:systemview/SEGGER_RTT_printf.c ****           break;
 509              		.loc 1 255 24 is_stmt 0 view .LVU168
 510 0092 FB68     		ldr	r3, [r7, #12]
 255:systemview/SEGGER_RTT_printf.c ****           break;
 511              		.loc 1 255 12 view .LVU169
 512 0094 002B     		cmp	r3, #0
 513 0096 F3DA     		bge	.L39
 514 0098 DCE7     		b	.L38
 515              	.L49:
 266:systemview/SEGGER_RTT_printf.c ****       _StoreChar(pBufferDesc, '-');
ARM GAS  C:\Users\20398\AppData\Local\Temp\cc8CUUuw.s 			page 16


 516              		.loc 1 266 7 is_stmt 1 view .LVU170
 266:systemview/SEGGER_RTT_printf.c ****       _StoreChar(pBufferDesc, '-');
 517              		.loc 1 266 9 is_stmt 0 view .LVU171
 518 009a C8F10008 		rsb	r8, r8, #0
 519              	.LVL45:
 267:systemview/SEGGER_RTT_printf.c ****     } else if ((FormatFlags & FORMAT_FLAG_PRINT_SIGN) == FORMAT_FLAG_PRINT_SIGN) {
 520              		.loc 1 267 7 is_stmt 1 view .LVU172
 521 009e 2D21     		movs	r1, #45
 522 00a0 3846     		mov	r0, r7
 523 00a2 FFF7FEFF 		bl	_StoreChar
 524              	.LVL46:
 525 00a6 DEE7     		b	.L43
 526              	.L50:
 269:systemview/SEGGER_RTT_printf.c ****     } else {
 527              		.loc 1 269 7 view .LVU173
 528 00a8 2B21     		movs	r1, #43
 529 00aa 3846     		mov	r0, r7
 530 00ac FFF7FEFF 		bl	_StoreChar
 531              	.LVL47:
 532 00b0 D9E7     		b	.L43
 533              	.L51:
 277:systemview/SEGGER_RTT_printf.c ****         if (FieldWidth != 0u) {
 534              		.loc 1 277 126 is_stmt 0 discriminator 1 view .LVU174
 535 00b2 B9F1000F 		cmp	r9, #0
 536 00b6 DDD1     		bne	.L44
 278:systemview/SEGGER_RTT_printf.c ****           while ((FieldWidth != 0u) && (Width < FieldWidth)) {
 537              		.loc 1 278 9 is_stmt 1 view .LVU175
 278:systemview/SEGGER_RTT_printf.c ****           while ((FieldWidth != 0u) && (Width < FieldWidth)) {
 538              		.loc 1 278 12 is_stmt 0 view .LVU176
 539 00b8 002E     		cmp	r6, #0
 540 00ba DBD0     		beq	.L44
 541              	.L45:
 279:systemview/SEGGER_RTT_printf.c ****             FieldWidth--;
 542              		.loc 1 279 17 is_stmt 1 view .LVU177
 543 00bc 002E     		cmp	r6, #0
 544 00be D9D0     		beq	.L44
 279:systemview/SEGGER_RTT_printf.c ****             FieldWidth--;
 545              		.loc 1 279 37 is_stmt 0 discriminator 1 view .LVU178
 546 00c0 A642     		cmp	r6, r4
 547 00c2 D7D9     		bls	.L44
 280:systemview/SEGGER_RTT_printf.c ****             _StoreChar(pBufferDesc, '0');
 548              		.loc 1 280 13 is_stmt 1 view .LVU179
 280:systemview/SEGGER_RTT_printf.c ****             _StoreChar(pBufferDesc, '0');
 549              		.loc 1 280 23 is_stmt 0 view .LVU180
 550 00c4 013E     		subs	r6, r6, #1
 551              	.LVL48:
 281:systemview/SEGGER_RTT_printf.c ****             if (pBufferDesc->ReturnValue < 0) {
 552              		.loc 1 281 13 is_stmt 1 view .LVU181
 553 00c6 3021     		movs	r1, #48
 554 00c8 3846     		mov	r0, r7
 555 00ca FFF7FEFF 		bl	_StoreChar
 556              	.LVL49:
 282:systemview/SEGGER_RTT_printf.c ****               break;
 557              		.loc 1 282 13 view .LVU182
 282:systemview/SEGGER_RTT_printf.c ****               break;
 558              		.loc 1 282 28 is_stmt 0 view .LVU183
 559 00ce FB68     		ldr	r3, [r7, #12]
ARM GAS  C:\Users\20398\AppData\Local\Temp\cc8CUUuw.s 			page 17


 282:systemview/SEGGER_RTT_printf.c ****               break;
 560              		.loc 1 282 16 view .LVU184
 561 00d0 002B     		cmp	r3, #0
 562 00d2 F3DA     		bge	.L45
 563 00d4 CEE7     		b	.L44
 564              	.L52:
 292:systemview/SEGGER_RTT_printf.c ****       }
 565              		.loc 1 292 9 is_stmt 1 view .LVU185
 566 00d6 CDF804A0 		str	r10, [sp, #4]
 567 00da 0096     		str	r6, [sp]
 568 00dc 4B46     		mov	r3, r9
 569 00de 2A46     		mov	r2, r5
 570 00e0 4146     		mov	r1, r8
 571 00e2 3846     		mov	r0, r7
 572 00e4 FFF7FEFF 		bl	_PrintUnsigned
 573              	.LVL50:
 574              		.loc 1 296 1 is_stmt 0 view .LVU186
 575 00e8 C7E7     		b	.L31
 576              		.cfi_endproc
 577              	.LFE2:
 579              		.section	.rodata.SEGGER_RTT_vprintf.str1.4,"aMS",%progbits,1
 580              		.align	2
 581              	.LC0:
 582 0000 284E554C 		.ascii	"(NULL)\000"
 582      4C2900
 583              		.section	.text.SEGGER_RTT_vprintf,"ax",%progbits
 584              		.align	1
 585              		.global	SEGGER_RTT_vprintf
 586              		.syntax unified
 587              		.thumb
 588              		.thumb_func
 590              	SEGGER_RTT_vprintf:
 591              	.LVL51:
 592              	.LFB3:
 297:systemview/SEGGER_RTT_printf.c **** 
 298:systemview/SEGGER_RTT_printf.c **** /*********************************************************************
 299:systemview/SEGGER_RTT_printf.c **** *
 300:systemview/SEGGER_RTT_printf.c **** *       Public code
 301:systemview/SEGGER_RTT_printf.c **** *
 302:systemview/SEGGER_RTT_printf.c **** **********************************************************************
 303:systemview/SEGGER_RTT_printf.c **** */
 304:systemview/SEGGER_RTT_printf.c **** /*********************************************************************
 305:systemview/SEGGER_RTT_printf.c **** *
 306:systemview/SEGGER_RTT_printf.c **** *       SEGGER_RTT_vprintf
 307:systemview/SEGGER_RTT_printf.c **** *
 308:systemview/SEGGER_RTT_printf.c **** *  Function description
 309:systemview/SEGGER_RTT_printf.c **** *    Stores a formatted string in SEGGER RTT control block.
 310:systemview/SEGGER_RTT_printf.c **** *    This data is read by the host.
 311:systemview/SEGGER_RTT_printf.c **** *
 312:systemview/SEGGER_RTT_printf.c **** *  Parameters
 313:systemview/SEGGER_RTT_printf.c **** *    BufferIndex  Index of "Up"-buffer to be used. (e.g. 0 for "Terminal")
 314:systemview/SEGGER_RTT_printf.c **** *    sFormat      Pointer to format string
 315:systemview/SEGGER_RTT_printf.c **** *    pParamList   Pointer to the list of arguments for the format string
 316:systemview/SEGGER_RTT_printf.c **** *
 317:systemview/SEGGER_RTT_printf.c **** *  Return values
 318:systemview/SEGGER_RTT_printf.c **** *    >= 0:  Number of bytes which have been stored in the "Up"-buffer.
 319:systemview/SEGGER_RTT_printf.c **** *     < 0:  Error
ARM GAS  C:\Users\20398\AppData\Local\Temp\cc8CUUuw.s 			page 18


 320:systemview/SEGGER_RTT_printf.c **** */
 321:systemview/SEGGER_RTT_printf.c **** int SEGGER_RTT_vprintf(unsigned BufferIndex, const char * sFormat, va_list * pParamList) {
 593              		.loc 1 321 90 is_stmt 1 view -0
 594              		.cfi_startproc
 595              		@ args = 0, pretend = 0, frame = 88
 596              		@ frame_needed = 0, uses_anonymous_args = 0
 597              		.loc 1 321 90 is_stmt 0 view .LVU188
 598 0000 F0B5     		push	{r4, r5, r6, r7, lr}
 599              	.LCFI6:
 600              		.cfi_def_cfa_offset 20
 601              		.cfi_offset 4, -20
 602              		.cfi_offset 5, -16
 603              		.cfi_offset 6, -12
 604              		.cfi_offset 7, -8
 605              		.cfi_offset 14, -4
 606 0002 99B0     		sub	sp, sp, #100
 607              	.LCFI7:
 608              		.cfi_def_cfa_offset 120
 609 0004 0646     		mov	r6, r0
 610 0006 0C46     		mov	r4, r1
 611 0008 1546     		mov	r5, r2
 322:systemview/SEGGER_RTT_printf.c ****   char c;
 612              		.loc 1 322 3 is_stmt 1 view .LVU189
 323:systemview/SEGGER_RTT_printf.c ****   SEGGER_RTT_PRINTF_DESC BufferDesc;
 613              		.loc 1 323 3 view .LVU190
 324:systemview/SEGGER_RTT_printf.c ****   int v;
 614              		.loc 1 324 3 view .LVU191
 325:systemview/SEGGER_RTT_printf.c ****   unsigned NumDigits;
 615              		.loc 1 325 3 view .LVU192
 326:systemview/SEGGER_RTT_printf.c ****   unsigned FormatFlags;
 616              		.loc 1 326 3 view .LVU193
 327:systemview/SEGGER_RTT_printf.c ****   unsigned FieldWidth;
 617              		.loc 1 327 3 view .LVU194
 328:systemview/SEGGER_RTT_printf.c ****   char acBuffer[SEGGER_RTT_PRINTF_BUFFER_SIZE];
 618              		.loc 1 328 3 view .LVU195
 329:systemview/SEGGER_RTT_printf.c **** 
 330:systemview/SEGGER_RTT_printf.c ****   BufferDesc.pBuffer        = acBuffer;
 619              		.loc 1 330 3 view .LVU196
 620              		.loc 1 330 29 is_stmt 0 view .LVU197
 621 000a 03AB     		add	r3, sp, #12
 622 000c 1393     		str	r3, [sp, #76]
 331:systemview/SEGGER_RTT_printf.c ****   BufferDesc.BufferSize     = SEGGER_RTT_PRINTF_BUFFER_SIZE;
 623              		.loc 1 331 3 is_stmt 1 view .LVU198
 624              		.loc 1 331 29 is_stmt 0 view .LVU199
 625 000e 4023     		movs	r3, #64
 626 0010 1493     		str	r3, [sp, #80]
 332:systemview/SEGGER_RTT_printf.c ****   BufferDesc.Cnt            = 0u;
 627              		.loc 1 332 3 is_stmt 1 view .LVU200
 628              		.loc 1 332 29 is_stmt 0 view .LVU201
 629 0012 0023     		movs	r3, #0
 630 0014 1593     		str	r3, [sp, #84]
 333:systemview/SEGGER_RTT_printf.c ****   BufferDesc.RTTBufferIndex = BufferIndex;
 631              		.loc 1 333 3 is_stmt 1 view .LVU202
 632              		.loc 1 333 29 is_stmt 0 view .LVU203
 633 0016 1790     		str	r0, [sp, #92]
 334:systemview/SEGGER_RTT_printf.c ****   BufferDesc.ReturnValue    = 0;
 634              		.loc 1 334 3 is_stmt 1 view .LVU204
ARM GAS  C:\Users\20398\AppData\Local\Temp\cc8CUUuw.s 			page 19


 635              		.loc 1 334 29 is_stmt 0 view .LVU205
 636 0018 1693     		str	r3, [sp, #88]
 637 001a 8AE0     		b	.L82
 638              	.LVL52:
 639              	.L91:
 335:systemview/SEGGER_RTT_printf.c **** 
 336:systemview/SEGGER_RTT_printf.c ****   do {
 337:systemview/SEGGER_RTT_printf.c ****     c = *sFormat;
 338:systemview/SEGGER_RTT_printf.c ****     sFormat++;
 339:systemview/SEGGER_RTT_printf.c ****     if (c == 0u) {
 340:systemview/SEGGER_RTT_printf.c ****       break;
 341:systemview/SEGGER_RTT_printf.c ****     }
 342:systemview/SEGGER_RTT_printf.c ****     if (c == '%') {
 343:systemview/SEGGER_RTT_printf.c ****       //
 344:systemview/SEGGER_RTT_printf.c ****       // Filter out flags
 345:systemview/SEGGER_RTT_printf.c ****       //
 346:systemview/SEGGER_RTT_printf.c ****       FormatFlags = 0u;
 640              		.loc 1 346 19 view .LVU206
 641 001c 0020     		movs	r0, #0
 347:systemview/SEGGER_RTT_printf.c ****       v = 1;
 642              		.loc 1 347 9 view .LVU207
 643 001e 0122     		movs	r2, #1
 644 0020 11E0     		b	.L62
 645              	.LVL53:
 646              	.L59:
 348:systemview/SEGGER_RTT_printf.c ****       do {
 349:systemview/SEGGER_RTT_printf.c ****         c = *sFormat;
 350:systemview/SEGGER_RTT_printf.c ****         switch (c) {
 351:systemview/SEGGER_RTT_printf.c ****         case '-': FormatFlags |= FORMAT_FLAG_LEFT_JUSTIFY; sFormat++; break;
 647              		.loc 1 351 19 is_stmt 1 view .LVU208
 648              		.loc 1 351 31 is_stmt 0 view .LVU209
 649 0022 40F00100 		orr	r0, r0, #1
 650              	.LVL54:
 651              		.loc 1 351 60 is_stmt 1 view .LVU210
 652              		.loc 1 351 67 is_stmt 0 view .LVU211
 653 0026 0134     		adds	r4, r4, #1
 654              	.LVL55:
 655              		.loc 1 351 71 is_stmt 1 view .LVU212
 656              		.loc 1 351 9 is_stmt 0 view .LVU213
 657 0028 0CE0     		b	.L56
 658              	.L57:
 352:systemview/SEGGER_RTT_printf.c ****         case '0': FormatFlags |= FORMAT_FLAG_PAD_ZERO;     sFormat++; break;
 659              		.loc 1 352 19 is_stmt 1 view .LVU214
 660              		.loc 1 352 31 is_stmt 0 view .LVU215
 661 002a 40F00200 		orr	r0, r0, #2
 662              	.LVL56:
 663              		.loc 1 352 60 is_stmt 1 view .LVU216
 664              		.loc 1 352 67 is_stmt 0 view .LVU217
 665 002e 0134     		adds	r4, r4, #1
 666              	.LVL57:
 667              		.loc 1 352 71 is_stmt 1 view .LVU218
 668              		.loc 1 352 9 is_stmt 0 view .LVU219
 669 0030 08E0     		b	.L56
 670              	.L60:
 353:systemview/SEGGER_RTT_printf.c ****         case '+': FormatFlags |= FORMAT_FLAG_PRINT_SIGN;   sFormat++; break;
 671              		.loc 1 353 19 is_stmt 1 view .LVU220
 672              		.loc 1 353 31 is_stmt 0 view .LVU221
ARM GAS  C:\Users\20398\AppData\Local\Temp\cc8CUUuw.s 			page 20


 673 0032 40F00400 		orr	r0, r0, #4
 674              	.LVL58:
 675              		.loc 1 353 60 is_stmt 1 view .LVU222
 676              		.loc 1 353 67 is_stmt 0 view .LVU223
 677 0036 0134     		adds	r4, r4, #1
 678              	.LVL59:
 679              		.loc 1 353 71 is_stmt 1 view .LVU224
 680              		.loc 1 353 9 is_stmt 0 view .LVU225
 681 0038 04E0     		b	.L56
 682              	.L61:
 354:systemview/SEGGER_RTT_printf.c ****         case '#': FormatFlags |= FORMAT_FLAG_ALTERNATE;    sFormat++; break;
 683              		.loc 1 354 19 is_stmt 1 view .LVU226
 684              		.loc 1 354 31 is_stmt 0 view .LVU227
 685 003a 40F00800 		orr	r0, r0, #8
 686              	.LVL60:
 687              		.loc 1 354 60 is_stmt 1 view .LVU228
 688              		.loc 1 354 67 is_stmt 0 view .LVU229
 689 003e 0134     		adds	r4, r4, #1
 690              	.LVL61:
 691              		.loc 1 354 71 is_stmt 1 view .LVU230
 692              		.loc 1 354 9 is_stmt 0 view .LVU231
 693 0040 00E0     		b	.L56
 694              	.L85:
 350:systemview/SEGGER_RTT_printf.c ****         case '-': FormatFlags |= FORMAT_FLAG_LEFT_JUSTIFY; sFormat++; break;
 695              		.loc 1 350 9 view .LVU232
 696 0042 0022     		movs	r2, #0
 697              	.LVL62:
 698              	.L56:
 355:systemview/SEGGER_RTT_printf.c ****         default:  v = 0; break;
 356:systemview/SEGGER_RTT_printf.c ****         }
 357:systemview/SEGGER_RTT_printf.c ****       } while (v);
 699              		.loc 1 357 15 is_stmt 1 view .LVU233
 700              		.loc 1 357 7 is_stmt 0 view .LVU234
 701 0044 12B3     		cbz	r2, .L64
 702              	.LVL63:
 703              	.L62:
 348:systemview/SEGGER_RTT_printf.c ****         c = *sFormat;
 704              		.loc 1 348 7 is_stmt 1 view .LVU235
 349:systemview/SEGGER_RTT_printf.c ****         switch (c) {
 705              		.loc 1 349 9 view .LVU236
 349:systemview/SEGGER_RTT_printf.c ****         switch (c) {
 706              		.loc 1 349 11 is_stmt 0 view .LVU237
 707 0046 2378     		ldrb	r3, [r4]	@ zero_extendqisi2
 708              	.LVL64:
 350:systemview/SEGGER_RTT_printf.c ****         case '-': FormatFlags |= FORMAT_FLAG_LEFT_JUSTIFY; sFormat++; break;
 709              		.loc 1 350 9 is_stmt 1 view .LVU238
 710 0048 233B     		subs	r3, r3, #35
 711              	.LVL65:
 350:systemview/SEGGER_RTT_printf.c ****         case '-': FormatFlags |= FORMAT_FLAG_LEFT_JUSTIFY; sFormat++; break;
 712              		.loc 1 350 9 is_stmt 0 view .LVU239
 713 004a 0D2B     		cmp	r3, #13
 714 004c F9D8     		bhi	.L85
 715 004e 01A1     		adr	r1, .L58
 716 0050 51F823F0 		ldr	pc, [r1, r3, lsl #2]
 717              		.p2align 2
 718              	.L58:
 719 0054 3B000000 		.word	.L61+1
ARM GAS  C:\Users\20398\AppData\Local\Temp\cc8CUUuw.s 			page 21


 720 0058 43000000 		.word	.L85+1
 721 005c 43000000 		.word	.L85+1
 722 0060 43000000 		.word	.L85+1
 723 0064 43000000 		.word	.L85+1
 724 0068 43000000 		.word	.L85+1
 725 006c 43000000 		.word	.L85+1
 726 0070 43000000 		.word	.L85+1
 727 0074 33000000 		.word	.L60+1
 728 0078 43000000 		.word	.L85+1
 729 007c 23000000 		.word	.L59+1
 730 0080 43000000 		.word	.L85+1
 731 0084 43000000 		.word	.L85+1
 732 0088 2B000000 		.word	.L57+1
 733              	.LVL66:
 734              		.p2align 1
 735              	.L64:
 358:systemview/SEGGER_RTT_printf.c ****       //
 359:systemview/SEGGER_RTT_printf.c ****       // filter out field with
 360:systemview/SEGGER_RTT_printf.c ****       //
 361:systemview/SEGGER_RTT_printf.c ****       FieldWidth = 0u;
 362:systemview/SEGGER_RTT_printf.c ****       do {
 736              		.loc 1 362 7 is_stmt 1 view .LVU240
 363:systemview/SEGGER_RTT_printf.c ****         c = *sFormat;
 737              		.loc 1 363 9 view .LVU241
 738              		.loc 1 363 11 is_stmt 0 view .LVU242
 739 008c 2378     		ldrb	r3, [r4]	@ zero_extendqisi2
 740              	.LVL67:
 364:systemview/SEGGER_RTT_printf.c ****         if ((c < '0') || (c > '9')) {
 741              		.loc 1 364 9 is_stmt 1 view .LVU243
 742              		.loc 1 364 23 is_stmt 0 view .LVU244
 743 008e A3F13001 		sub	r1, r3, #48
 744 0092 C9B2     		uxtb	r1, r1
 745              		.loc 1 364 12 view .LVU245
 746 0094 0929     		cmp	r1, #9
 747 0096 07D8     		bhi	.L63
 365:systemview/SEGGER_RTT_printf.c ****           break;
 366:systemview/SEGGER_RTT_printf.c ****         }
 367:systemview/SEGGER_RTT_printf.c ****         sFormat++;
 748              		.loc 1 367 9 is_stmt 1 view .LVU246
 749              		.loc 1 367 16 is_stmt 0 view .LVU247
 750 0098 0134     		adds	r4, r4, #1
 751              	.LVL68:
 368:systemview/SEGGER_RTT_printf.c ****         FieldWidth = (FieldWidth * 10u) + ((unsigned)c - '0');
 752              		.loc 1 368 9 is_stmt 1 view .LVU248
 753              		.loc 1 368 34 is_stmt 0 view .LVU249
 754 009a 02EB8202 		add	r2, r2, r2, lsl #2
 755              	.LVL69:
 756              		.loc 1 368 41 view .LVU250
 757 009e 03EB4203 		add	r3, r3, r2, lsl #1
 758              	.LVL70:
 759              		.loc 1 368 20 view .LVU251
 760 00a2 A3F13002 		sub	r2, r3, #48
 761              	.LVL71:
 369:systemview/SEGGER_RTT_printf.c ****       } while (1);
 762              		.loc 1 369 15 is_stmt 1 view .LVU252
 363:systemview/SEGGER_RTT_printf.c ****         if ((c < '0') || (c > '9')) {
 763              		.loc 1 363 11 is_stmt 0 view .LVU253
ARM GAS  C:\Users\20398\AppData\Local\Temp\cc8CUUuw.s 			page 22


 764 00a6 F1E7     		b	.L64
 765              	.LVL72:
 766              	.L63:
 370:systemview/SEGGER_RTT_printf.c **** 
 371:systemview/SEGGER_RTT_printf.c ****       //
 372:systemview/SEGGER_RTT_printf.c ****       // Filter out precision (number of digits to display)
 373:systemview/SEGGER_RTT_printf.c ****       //
 374:systemview/SEGGER_RTT_printf.c ****       NumDigits = 0u;
 767              		.loc 1 374 7 is_stmt 1 view .LVU254
 375:systemview/SEGGER_RTT_printf.c ****       c = *sFormat;
 768              		.loc 1 375 7 view .LVU255
 376:systemview/SEGGER_RTT_printf.c ****       if (c == '.') {
 769              		.loc 1 376 7 view .LVU256
 770              		.loc 1 376 10 is_stmt 0 view .LVU257
 771 00a8 2E2B     		cmp	r3, #46
 772 00aa 02D0     		beq	.L89
 374:systemview/SEGGER_RTT_printf.c ****       c = *sFormat;
 773              		.loc 1 374 17 view .LVU258
 774 00ac 0023     		movs	r3, #0
 775              	.LVL73:
 776              	.L65:
 377:systemview/SEGGER_RTT_printf.c ****         sFormat++;
 378:systemview/SEGGER_RTT_printf.c ****         do {
 379:systemview/SEGGER_RTT_printf.c ****           c = *sFormat;
 380:systemview/SEGGER_RTT_printf.c ****           if ((c < '0') || (c > '9')) {
 381:systemview/SEGGER_RTT_printf.c ****             break;
 382:systemview/SEGGER_RTT_printf.c ****           }
 383:systemview/SEGGER_RTT_printf.c ****           sFormat++;
 384:systemview/SEGGER_RTT_printf.c ****           NumDigits = NumDigits * 10u + ((unsigned)c - '0');
 385:systemview/SEGGER_RTT_printf.c ****         } while (1);
 386:systemview/SEGGER_RTT_printf.c ****       }
 387:systemview/SEGGER_RTT_printf.c ****       //
 388:systemview/SEGGER_RTT_printf.c ****       // Filter out length modifier
 389:systemview/SEGGER_RTT_printf.c ****       //
 390:systemview/SEGGER_RTT_printf.c ****       c = *sFormat;
 777              		.loc 1 390 7 is_stmt 1 view .LVU259
 778              		.loc 1 390 9 is_stmt 0 view .LVU260
 779 00ae 2178     		ldrb	r1, [r4]	@ zero_extendqisi2
 780              	.LVL74:
 781              		.loc 1 390 9 view .LVU261
 782 00b0 13E0     		b	.L69
 783              	.LVL75:
 784              	.L89:
 377:systemview/SEGGER_RTT_printf.c ****         sFormat++;
 785              		.loc 1 377 9 is_stmt 1 view .LVU262
 377:systemview/SEGGER_RTT_printf.c ****         sFormat++;
 786              		.loc 1 377 16 is_stmt 0 view .LVU263
 787 00b2 0134     		adds	r4, r4, #1
 788              	.LVL76:
 374:systemview/SEGGER_RTT_printf.c ****       c = *sFormat;
 789              		.loc 1 374 17 view .LVU264
 790 00b4 0023     		movs	r3, #0
 791              	.LVL77:
 374:systemview/SEGGER_RTT_printf.c ****       c = *sFormat;
 792              		.loc 1 374 17 view .LVU265
 793 00b6 05E0     		b	.L66
 794              	.LVL78:
ARM GAS  C:\Users\20398\AppData\Local\Temp\cc8CUUuw.s 			page 23


 795              	.L90:
 383:systemview/SEGGER_RTT_printf.c ****           NumDigits = NumDigits * 10u + ((unsigned)c - '0');
 796              		.loc 1 383 11 is_stmt 1 view .LVU266
 383:systemview/SEGGER_RTT_printf.c ****           NumDigits = NumDigits * 10u + ((unsigned)c - '0');
 797              		.loc 1 383 18 is_stmt 0 view .LVU267
 798 00b8 0134     		adds	r4, r4, #1
 799              	.LVL79:
 384:systemview/SEGGER_RTT_printf.c ****         } while (1);
 800              		.loc 1 384 11 is_stmt 1 view .LVU268
 384:systemview/SEGGER_RTT_printf.c ****         } while (1);
 801              		.loc 1 384 33 is_stmt 0 view .LVU269
 802 00ba 03EB8303 		add	r3, r3, r3, lsl #2
 803              	.LVL80:
 384:systemview/SEGGER_RTT_printf.c ****         } while (1);
 804              		.loc 1 384 39 view .LVU270
 805 00be 01EB4303 		add	r3, r1, r3, lsl #1
 384:systemview/SEGGER_RTT_printf.c ****         } while (1);
 806              		.loc 1 384 21 view .LVU271
 807 00c2 303B     		subs	r3, r3, #48
 808              	.LVL81:
 385:systemview/SEGGER_RTT_printf.c ****       }
 809              		.loc 1 385 17 is_stmt 1 view .LVU272
 810              	.L66:
 378:systemview/SEGGER_RTT_printf.c ****           c = *sFormat;
 811              		.loc 1 378 9 view .LVU273
 379:systemview/SEGGER_RTT_printf.c ****           if ((c < '0') || (c > '9')) {
 812              		.loc 1 379 11 view .LVU274
 379:systemview/SEGGER_RTT_printf.c ****           if ((c < '0') || (c > '9')) {
 813              		.loc 1 379 13 is_stmt 0 view .LVU275
 814 00c4 2178     		ldrb	r1, [r4]	@ zero_extendqisi2
 815              	.LVL82:
 380:systemview/SEGGER_RTT_printf.c ****             break;
 816              		.loc 1 380 11 is_stmt 1 view .LVU276
 380:systemview/SEGGER_RTT_printf.c ****             break;
 817              		.loc 1 380 25 is_stmt 0 view .LVU277
 818 00c6 A1F1300C 		sub	ip, r1, #48
 819 00ca 5FFA8CFC 		uxtb	ip, ip
 380:systemview/SEGGER_RTT_printf.c ****             break;
 820              		.loc 1 380 14 view .LVU278
 821 00ce BCF1090F 		cmp	ip, #9
 822 00d2 F1D9     		bls	.L90
 380:systemview/SEGGER_RTT_printf.c ****             break;
 823              		.loc 1 380 14 view .LVU279
 824 00d4 EBE7     		b	.L65
 825              	.L67:
 391:systemview/SEGGER_RTT_printf.c ****       do {
 392:systemview/SEGGER_RTT_printf.c ****         if ((c == 'l') || (c == 'h')) {
 393:systemview/SEGGER_RTT_printf.c ****           sFormat++;
 826              		.loc 1 393 11 is_stmt 1 view .LVU280
 827              	.LVL83:
 394:systemview/SEGGER_RTT_printf.c ****           c = *sFormat;
 828              		.loc 1 394 11 view .LVU281
 829              		.loc 1 394 13 is_stmt 0 view .LVU282
 830 00d6 14F8011F 		ldrb	r1, [r4, #1]!	@ zero_extendqisi2
 831              	.LVL84:
 395:systemview/SEGGER_RTT_printf.c ****         } else {
 396:systemview/SEGGER_RTT_printf.c ****           break;
ARM GAS  C:\Users\20398\AppData\Local\Temp\cc8CUUuw.s 			page 24


 397:systemview/SEGGER_RTT_printf.c ****         }
 398:systemview/SEGGER_RTT_printf.c ****       } while (1);
 832              		.loc 1 398 15 is_stmt 1 view .LVU283
 833              	.L69:
 391:systemview/SEGGER_RTT_printf.c ****         if ((c == 'l') || (c == 'h')) {
 834              		.loc 1 391 7 view .LVU284
 392:systemview/SEGGER_RTT_printf.c ****           sFormat++;
 835              		.loc 1 392 9 view .LVU285
 392:systemview/SEGGER_RTT_printf.c ****           sFormat++;
 836              		.loc 1 392 12 is_stmt 0 view .LVU286
 837 00da 6C29     		cmp	r1, #108
 838 00dc FBD0     		beq	.L67
 392:systemview/SEGGER_RTT_printf.c ****           sFormat++;
 839              		.loc 1 392 24 discriminator 1 view .LVU287
 840 00de 6829     		cmp	r1, #104
 841 00e0 F9D0     		beq	.L67
 399:systemview/SEGGER_RTT_printf.c ****       //
 400:systemview/SEGGER_RTT_printf.c ****       // Handle specifiers
 401:systemview/SEGGER_RTT_printf.c ****       //
 402:systemview/SEGGER_RTT_printf.c ****       switch (c) {
 842              		.loc 1 402 7 is_stmt 1 view .LVU288
 843 00e2 2529     		cmp	r1, #37
 844 00e4 70D0     		beq	.L70
 845 00e6 20D3     		bcc	.L71
 846 00e8 7829     		cmp	r1, #120
 847 00ea 1ED8     		bhi	.L71
 848 00ec 5829     		cmp	r1, #88
 849 00ee 1CD3     		bcc	.L71
 850 00f0 5839     		subs	r1, r1, #88
 851              	.LVL85:
 852              		.loc 1 402 7 is_stmt 0 view .LVU289
 853 00f2 2029     		cmp	r1, #32
 854 00f4 19D8     		bhi	.L71
 855 00f6 DFE801F0 		tbb	[pc, r1]
 856              	.L73:
 857 00fa 3D       		.byte	(.L72-.L73)/2
 858 00fb 18       		.byte	(.L71-.L73)/2
 859 00fc 18       		.byte	(.L71-.L73)/2
 860 00fd 18       		.byte	(.L71-.L73)/2
 861 00fe 18       		.byte	(.L71-.L73)/2
 862 00ff 18       		.byte	(.L71-.L73)/2
 863 0100 18       		.byte	(.L71-.L73)/2
 864 0101 18       		.byte	(.L71-.L73)/2
 865 0102 18       		.byte	(.L71-.L73)/2
 866 0103 18       		.byte	(.L71-.L73)/2
 867 0104 18       		.byte	(.L71-.L73)/2
 868 0105 11       		.byte	(.L78-.L73)/2
 869 0106 27       		.byte	(.L77-.L73)/2
 870 0107 18       		.byte	(.L71-.L73)/2
 871 0108 18       		.byte	(.L71-.L73)/2
 872 0109 18       		.byte	(.L71-.L73)/2
 873 010a 18       		.byte	(.L71-.L73)/2
 874 010b 18       		.byte	(.L71-.L73)/2
 875 010c 18       		.byte	(.L71-.L73)/2
 876 010d 18       		.byte	(.L71-.L73)/2
 877 010e 18       		.byte	(.L71-.L73)/2
 878 010f 18       		.byte	(.L71-.L73)/2
ARM GAS  C:\Users\20398\AppData\Local\Temp\cc8CUUuw.s 			page 25


 879 0110 18       		.byte	(.L71-.L73)/2
 880 0111 18       		.byte	(.L71-.L73)/2
 881 0112 5A       		.byte	(.L76-.L73)/2
 882 0113 18       		.byte	(.L71-.L73)/2
 883 0114 18       		.byte	(.L71-.L73)/2
 884 0115 48       		.byte	(.L75-.L73)/2
 885 0116 18       		.byte	(.L71-.L73)/2
 886 0117 32       		.byte	(.L74-.L73)/2
 887 0118 18       		.byte	(.L71-.L73)/2
 888 0119 18       		.byte	(.L71-.L73)/2
 889 011a 3D       		.byte	(.L72-.L73)/2
 890 011b 00       		.p2align 1
 891              	.L78:
 892              	.LBB2:
 403:systemview/SEGGER_RTT_printf.c ****       case 'c': {
 404:systemview/SEGGER_RTT_printf.c ****         char c0;
 893              		.loc 1 404 9 is_stmt 1 view .LVU290
 405:systemview/SEGGER_RTT_printf.c ****         v = va_arg(*pParamList, int);
 894              		.loc 1 405 9 view .LVU291
 895              		.loc 1 405 11 is_stmt 0 view .LVU292
 896 011c 2B68     		ldr	r3, [r5]
 897              	.LVL86:
 898              		.loc 1 405 11 view .LVU293
 899 011e 1A1D     		adds	r2, r3, #4
 900              	.LVL87:
 901              		.loc 1 405 11 view .LVU294
 902 0120 2A60     		str	r2, [r5]
 406:systemview/SEGGER_RTT_printf.c ****         c0 = (char)v;
 903              		.loc 1 406 9 is_stmt 1 view .LVU295
 904              	.LVL88:
 407:systemview/SEGGER_RTT_printf.c ****         _StoreChar(&BufferDesc, c0);
 905              		.loc 1 407 9 view .LVU296
 906 0122 1978     		ldrb	r1, [r3]	@ zero_extendqisi2
 907 0124 13A8     		add	r0, sp, #76
 908              	.LVL89:
 909              		.loc 1 407 9 is_stmt 0 view .LVU297
 910 0126 FFF7FEFF 		bl	_StoreChar
 911              	.LVL90:
 408:systemview/SEGGER_RTT_printf.c ****         break;
 912              		.loc 1 408 9 is_stmt 1 view .LVU298
 913              	.L71:
 914              		.loc 1 408 9 is_stmt 0 view .LVU299
 915              	.LBE2:
 409:systemview/SEGGER_RTT_printf.c ****       }
 410:systemview/SEGGER_RTT_printf.c ****       case 'd':
 411:systemview/SEGGER_RTT_printf.c ****         v = va_arg(*pParamList, int);
 412:systemview/SEGGER_RTT_printf.c ****         _PrintInt(&BufferDesc, v, 10u, NumDigits, FieldWidth, FormatFlags);
 413:systemview/SEGGER_RTT_printf.c ****         break;
 414:systemview/SEGGER_RTT_printf.c ****       case 'u':
 415:systemview/SEGGER_RTT_printf.c ****         v = va_arg(*pParamList, int);
 416:systemview/SEGGER_RTT_printf.c ****         _PrintUnsigned(&BufferDesc, (unsigned)v, 10u, NumDigits, FieldWidth, FormatFlags);
 417:systemview/SEGGER_RTT_printf.c ****         break;
 418:systemview/SEGGER_RTT_printf.c ****       case 'x':
 419:systemview/SEGGER_RTT_printf.c ****       case 'X':
 420:systemview/SEGGER_RTT_printf.c ****         v = va_arg(*pParamList, int);
 421:systemview/SEGGER_RTT_printf.c ****         _PrintUnsigned(&BufferDesc, (unsigned)v, 16u, NumDigits, FieldWidth, FormatFlags);
 422:systemview/SEGGER_RTT_printf.c ****         break;
ARM GAS  C:\Users\20398\AppData\Local\Temp\cc8CUUuw.s 			page 26


 423:systemview/SEGGER_RTT_printf.c ****       case 's':
 424:systemview/SEGGER_RTT_printf.c ****         {
 425:systemview/SEGGER_RTT_printf.c ****           const char * s = va_arg(*pParamList, const char *);
 426:systemview/SEGGER_RTT_printf.c ****           if (s == NULL) {
 427:systemview/SEGGER_RTT_printf.c ****             s = "(NULL)";  // Print (NULL) instead of crashing or breaking, as it is more informati
 428:systemview/SEGGER_RTT_printf.c ****           }
 429:systemview/SEGGER_RTT_printf.c ****           do {
 430:systemview/SEGGER_RTT_printf.c ****             c = *s;
 431:systemview/SEGGER_RTT_printf.c ****             s++;
 432:systemview/SEGGER_RTT_printf.c ****             if (c == '\0') {
 433:systemview/SEGGER_RTT_printf.c ****               break;
 434:systemview/SEGGER_RTT_printf.c ****             }
 435:systemview/SEGGER_RTT_printf.c ****            _StoreChar(&BufferDesc, c);
 436:systemview/SEGGER_RTT_printf.c ****           } while (BufferDesc.ReturnValue >= 0);
 437:systemview/SEGGER_RTT_printf.c ****         }
 438:systemview/SEGGER_RTT_printf.c ****         break;
 439:systemview/SEGGER_RTT_printf.c ****       case 'p':
 440:systemview/SEGGER_RTT_printf.c ****         v = va_arg(*pParamList, int);
 441:systemview/SEGGER_RTT_printf.c ****         _PrintUnsigned(&BufferDesc, (unsigned)v, 16u, 8u, 8u, 0u);
 442:systemview/SEGGER_RTT_printf.c ****         break;
 443:systemview/SEGGER_RTT_printf.c ****       case '%':
 444:systemview/SEGGER_RTT_printf.c ****         _StoreChar(&BufferDesc, '%');
 445:systemview/SEGGER_RTT_printf.c ****         break;
 446:systemview/SEGGER_RTT_printf.c ****       default:
 447:systemview/SEGGER_RTT_printf.c ****         break;
 448:systemview/SEGGER_RTT_printf.c ****       }
 449:systemview/SEGGER_RTT_printf.c ****       sFormat++;
 916              		.loc 1 449 7 is_stmt 1 view .LVU300
 917              		.loc 1 449 14 is_stmt 0 view .LVU301
 918 012a 0134     		adds	r4, r4, #1
 919              	.LVL91:
 920              	.L81:
 450:systemview/SEGGER_RTT_printf.c ****     } else {
 451:systemview/SEGGER_RTT_printf.c ****       _StoreChar(&BufferDesc, c);
 452:systemview/SEGGER_RTT_printf.c ****     }
 453:systemview/SEGGER_RTT_printf.c ****   } while (BufferDesc.ReturnValue >= 0);
 921              		.loc 1 453 11 is_stmt 1 view .LVU302
 922              		.loc 1 453 22 is_stmt 0 view .LVU303
 923 012c 169B     		ldr	r3, [sp, #88]
 924              		.loc 1 453 3 view .LVU304
 925 012e 002B     		cmp	r3, #0
 926 0130 4FDB     		blt	.L54
 927              	.L82:
 336:systemview/SEGGER_RTT_printf.c ****     c = *sFormat;
 928              		.loc 1 336 3 is_stmt 1 view .LVU305
 337:systemview/SEGGER_RTT_printf.c ****     sFormat++;
 929              		.loc 1 337 5 view .LVU306
 337:systemview/SEGGER_RTT_printf.c ****     sFormat++;
 930              		.loc 1 337 7 is_stmt 0 view .LVU307
 931 0132 14F8011B 		ldrb	r1, [r4], #1	@ zero_extendqisi2
 932              	.LVL92:
 338:systemview/SEGGER_RTT_printf.c ****     if (c == 0u) {
 933              		.loc 1 338 5 is_stmt 1 view .LVU308
 339:systemview/SEGGER_RTT_printf.c ****       break;
 934              		.loc 1 339 5 view .LVU309
 339:systemview/SEGGER_RTT_printf.c ****       break;
 935              		.loc 1 339 8 is_stmt 0 view .LVU310
ARM GAS  C:\Users\20398\AppData\Local\Temp\cc8CUUuw.s 			page 27


 936 0136 0029     		cmp	r1, #0
 937 0138 4BD0     		beq	.L54
 342:systemview/SEGGER_RTT_printf.c ****       //
 938              		.loc 1 342 5 is_stmt 1 view .LVU311
 342:systemview/SEGGER_RTT_printf.c ****       //
 939              		.loc 1 342 8 is_stmt 0 view .LVU312
 940 013a 2529     		cmp	r1, #37
 941 013c 3FF46EAF 		beq	.L91
 451:systemview/SEGGER_RTT_printf.c ****     }
 942              		.loc 1 451 7 is_stmt 1 view .LVU313
 943 0140 13A8     		add	r0, sp, #76
 944 0142 FFF7FEFF 		bl	_StoreChar
 945              	.LVL93:
 451:systemview/SEGGER_RTT_printf.c ****     }
 946              		.loc 1 451 7 is_stmt 0 view .LVU314
 947 0146 F1E7     		b	.L81
 948              	.LVL94:
 949              	.L77:
 411:systemview/SEGGER_RTT_printf.c ****         _PrintInt(&BufferDesc, v, 10u, NumDigits, FieldWidth, FormatFlags);
 950              		.loc 1 411 9 is_stmt 1 view .LVU315
 411:systemview/SEGGER_RTT_printf.c ****         _PrintInt(&BufferDesc, v, 10u, NumDigits, FieldWidth, FormatFlags);
 951              		.loc 1 411 11 is_stmt 0 view .LVU316
 952 0148 2968     		ldr	r1, [r5]
 953 014a 0F1D     		adds	r7, r1, #4
 954 014c 2F60     		str	r7, [r5]
 955 014e 0968     		ldr	r1, [r1]
 412:systemview/SEGGER_RTT_printf.c ****         break;
 956              		.loc 1 412 9 is_stmt 1 view .LVU317
 957 0150 0190     		str	r0, [sp, #4]
 958 0152 0092     		str	r2, [sp]
 959 0154 0A22     		movs	r2, #10
 960              	.LVL95:
 412:systemview/SEGGER_RTT_printf.c ****         break;
 961              		.loc 1 412 9 is_stmt 0 view .LVU318
 962 0156 13A8     		add	r0, sp, #76
 963              	.LVL96:
 412:systemview/SEGGER_RTT_printf.c ****         break;
 964              		.loc 1 412 9 view .LVU319
 965 0158 FFF7FEFF 		bl	_PrintInt
 966              	.LVL97:
 413:systemview/SEGGER_RTT_printf.c ****       case 'u':
 967              		.loc 1 413 9 is_stmt 1 view .LVU320
 968 015c E5E7     		b	.L71
 969              	.LVL98:
 970              	.L74:
 415:systemview/SEGGER_RTT_printf.c ****         _PrintUnsigned(&BufferDesc, (unsigned)v, 10u, NumDigits, FieldWidth, FormatFlags);
 971              		.loc 1 415 9 view .LVU321
 415:systemview/SEGGER_RTT_printf.c ****         _PrintUnsigned(&BufferDesc, (unsigned)v, 10u, NumDigits, FieldWidth, FormatFlags);
 972              		.loc 1 415 11 is_stmt 0 view .LVU322
 973 015e 2968     		ldr	r1, [r5]
 974 0160 0F1D     		adds	r7, r1, #4
 975 0162 2F60     		str	r7, [r5]
 976 0164 0968     		ldr	r1, [r1]
 416:systemview/SEGGER_RTT_printf.c ****         break;
 977              		.loc 1 416 9 is_stmt 1 view .LVU323
 978 0166 0190     		str	r0, [sp, #4]
 979 0168 0092     		str	r2, [sp]
ARM GAS  C:\Users\20398\AppData\Local\Temp\cc8CUUuw.s 			page 28


 980 016a 0A22     		movs	r2, #10
 981              	.LVL99:
 416:systemview/SEGGER_RTT_printf.c ****         break;
 982              		.loc 1 416 9 is_stmt 0 view .LVU324
 983 016c 13A8     		add	r0, sp, #76
 984              	.LVL100:
 416:systemview/SEGGER_RTT_printf.c ****         break;
 985              		.loc 1 416 9 view .LVU325
 986 016e FFF7FEFF 		bl	_PrintUnsigned
 987              	.LVL101:
 417:systemview/SEGGER_RTT_printf.c ****       case 'x':
 988              		.loc 1 417 9 is_stmt 1 view .LVU326
 989 0172 DAE7     		b	.L71
 990              	.LVL102:
 991              	.L72:
 420:systemview/SEGGER_RTT_printf.c ****         _PrintUnsigned(&BufferDesc, (unsigned)v, 16u, NumDigits, FieldWidth, FormatFlags);
 992              		.loc 1 420 9 view .LVU327
 420:systemview/SEGGER_RTT_printf.c ****         _PrintUnsigned(&BufferDesc, (unsigned)v, 16u, NumDigits, FieldWidth, FormatFlags);
 993              		.loc 1 420 11 is_stmt 0 view .LVU328
 994 0174 2968     		ldr	r1, [r5]
 995 0176 0F1D     		adds	r7, r1, #4
 996 0178 2F60     		str	r7, [r5]
 997 017a 0968     		ldr	r1, [r1]
 421:systemview/SEGGER_RTT_printf.c ****         break;
 998              		.loc 1 421 9 is_stmt 1 view .LVU329
 999 017c 0190     		str	r0, [sp, #4]
 1000 017e 0092     		str	r2, [sp]
 1001 0180 1022     		movs	r2, #16
 1002              	.LVL103:
 421:systemview/SEGGER_RTT_printf.c ****         break;
 1003              		.loc 1 421 9 is_stmt 0 view .LVU330
 1004 0182 13A8     		add	r0, sp, #76
 1005              	.LVL104:
 421:systemview/SEGGER_RTT_printf.c ****         break;
 1006              		.loc 1 421 9 view .LVU331
 1007 0184 FFF7FEFF 		bl	_PrintUnsigned
 1008              	.LVL105:
 422:systemview/SEGGER_RTT_printf.c ****       case 's':
 1009              		.loc 1 422 9 is_stmt 1 view .LVU332
 1010 0188 CFE7     		b	.L71
 1011              	.LVL106:
 1012              	.L75:
 1013              	.LBB3:
 425:systemview/SEGGER_RTT_printf.c ****           if (s == NULL) {
 1014              		.loc 1 425 11 view .LVU333
 425:systemview/SEGGER_RTT_printf.c ****           if (s == NULL) {
 1015              		.loc 1 425 24 is_stmt 0 view .LVU334
 1016 018a 2B68     		ldr	r3, [r5]
 1017              	.LVL107:
 425:systemview/SEGGER_RTT_printf.c ****           if (s == NULL) {
 1018              		.loc 1 425 24 view .LVU335
 1019 018c 1A1D     		adds	r2, r3, #4
 1020              	.LVL108:
 425:systemview/SEGGER_RTT_printf.c ****           if (s == NULL) {
 1021              		.loc 1 425 24 view .LVU336
 1022 018e 2A60     		str	r2, [r5]
 1023 0190 1F68     		ldr	r7, [r3]
ARM GAS  C:\Users\20398\AppData\Local\Temp\cc8CUUuw.s 			page 29


 426:systemview/SEGGER_RTT_printf.c ****             s = "(NULL)";  // Print (NULL) instead of crashing or breaking, as it is more informati
 1024              		.loc 1 426 11 is_stmt 1 view .LVU337
 426:systemview/SEGGER_RTT_printf.c ****             s = "(NULL)";  // Print (NULL) instead of crashing or breaking, as it is more informati
 1025              		.loc 1 426 14 is_stmt 0 view .LVU338
 1026 0192 57B1     		cbz	r7, .L92
 1027              	.LVL109:
 1028              	.L80:
 429:systemview/SEGGER_RTT_printf.c ****             c = *s;
 1029              		.loc 1 429 11 is_stmt 1 view .LVU339
 430:systemview/SEGGER_RTT_printf.c ****             s++;
 1030              		.loc 1 430 13 view .LVU340
 430:systemview/SEGGER_RTT_printf.c ****             s++;
 1031              		.loc 1 430 15 is_stmt 0 view .LVU341
 1032 0194 17F8011B 		ldrb	r1, [r7], #1	@ zero_extendqisi2
 1033              	.LVL110:
 431:systemview/SEGGER_RTT_printf.c ****             if (c == '\0') {
 1034              		.loc 1 431 13 is_stmt 1 view .LVU342
 432:systemview/SEGGER_RTT_printf.c ****               break;
 1035              		.loc 1 432 13 view .LVU343
 432:systemview/SEGGER_RTT_printf.c ****               break;
 1036              		.loc 1 432 16 is_stmt 0 view .LVU344
 1037 0198 0029     		cmp	r1, #0
 1038 019a C6D0     		beq	.L71
 435:systemview/SEGGER_RTT_printf.c ****           } while (BufferDesc.ReturnValue >= 0);
 1039              		.loc 1 435 12 is_stmt 1 view .LVU345
 1040 019c 13A8     		add	r0, sp, #76
 1041 019e FFF7FEFF 		bl	_StoreChar
 1042              	.LVL111:
 436:systemview/SEGGER_RTT_printf.c ****         }
 1043              		.loc 1 436 19 view .LVU346
 436:systemview/SEGGER_RTT_printf.c ****         }
 1044              		.loc 1 436 30 is_stmt 0 view .LVU347
 1045 01a2 169B     		ldr	r3, [sp, #88]
 436:systemview/SEGGER_RTT_printf.c ****         }
 1046              		.loc 1 436 11 view .LVU348
 1047 01a4 002B     		cmp	r3, #0
 1048 01a6 F5DA     		bge	.L80
 1049 01a8 BFE7     		b	.L71
 1050              	.LVL112:
 1051              	.L92:
 427:systemview/SEGGER_RTT_printf.c ****           }
 1052              		.loc 1 427 15 view .LVU349
 1053 01aa 124F     		ldr	r7, .L94
 1054 01ac F2E7     		b	.L80
 1055              	.LVL113:
 1056              	.L76:
 427:systemview/SEGGER_RTT_printf.c ****           }
 1057              		.loc 1 427 15 view .LVU350
 1058              	.LBE3:
 440:systemview/SEGGER_RTT_printf.c ****         _PrintUnsigned(&BufferDesc, (unsigned)v, 16u, 8u, 8u, 0u);
 1059              		.loc 1 440 9 is_stmt 1 view .LVU351
 440:systemview/SEGGER_RTT_printf.c ****         _PrintUnsigned(&BufferDesc, (unsigned)v, 16u, 8u, 8u, 0u);
 1060              		.loc 1 440 11 is_stmt 0 view .LVU352
 1061 01ae 2B68     		ldr	r3, [r5]
 1062              	.LVL114:
 440:systemview/SEGGER_RTT_printf.c ****         _PrintUnsigned(&BufferDesc, (unsigned)v, 16u, 8u, 8u, 0u);
 1063              		.loc 1 440 11 view .LVU353
ARM GAS  C:\Users\20398\AppData\Local\Temp\cc8CUUuw.s 			page 30


 1064 01b0 1A1D     		adds	r2, r3, #4
 1065              	.LVL115:
 440:systemview/SEGGER_RTT_printf.c ****         _PrintUnsigned(&BufferDesc, (unsigned)v, 16u, 8u, 8u, 0u);
 1066              		.loc 1 440 11 view .LVU354
 1067 01b2 2A60     		str	r2, [r5]
 1068 01b4 1968     		ldr	r1, [r3]
 441:systemview/SEGGER_RTT_printf.c ****         break;
 1069              		.loc 1 441 9 is_stmt 1 view .LVU355
 1070 01b6 0023     		movs	r3, #0
 1071 01b8 0193     		str	r3, [sp, #4]
 1072 01ba 0823     		movs	r3, #8
 1073 01bc 0093     		str	r3, [sp]
 1074 01be 1022     		movs	r2, #16
 1075 01c0 13A8     		add	r0, sp, #76
 1076              	.LVL116:
 441:systemview/SEGGER_RTT_printf.c ****         break;
 1077              		.loc 1 441 9 is_stmt 0 view .LVU356
 1078 01c2 FFF7FEFF 		bl	_PrintUnsigned
 1079              	.LVL117:
 442:systemview/SEGGER_RTT_printf.c ****       case '%':
 1080              		.loc 1 442 9 is_stmt 1 view .LVU357
 1081 01c6 B0E7     		b	.L71
 1082              	.LVL118:
 1083              	.L70:
 444:systemview/SEGGER_RTT_printf.c ****         break;
 1084              		.loc 1 444 9 view .LVU358
 1085 01c8 2521     		movs	r1, #37
 1086              	.LVL119:
 444:systemview/SEGGER_RTT_printf.c ****         break;
 1087              		.loc 1 444 9 is_stmt 0 view .LVU359
 1088 01ca 13A8     		add	r0, sp, #76
 1089              	.LVL120:
 444:systemview/SEGGER_RTT_printf.c ****         break;
 1090              		.loc 1 444 9 view .LVU360
 1091 01cc FFF7FEFF 		bl	_StoreChar
 1092              	.LVL121:
 445:systemview/SEGGER_RTT_printf.c ****       default:
 1093              		.loc 1 445 9 is_stmt 1 view .LVU361
 1094 01d0 ABE7     		b	.L71
 1095              	.L54:
 454:systemview/SEGGER_RTT_printf.c **** 
 455:systemview/SEGGER_RTT_printf.c ****   if (BufferDesc.ReturnValue > 0) {
 1096              		.loc 1 455 3 view .LVU362
 1097              		.loc 1 455 17 is_stmt 0 view .LVU363
 1098 01d2 169B     		ldr	r3, [sp, #88]
 1099              		.loc 1 455 6 view .LVU364
 1100 01d4 002B     		cmp	r3, #0
 1101 01d6 05DD     		ble	.L83
 456:systemview/SEGGER_RTT_printf.c ****     //
 457:systemview/SEGGER_RTT_printf.c ****     // Write remaining data, if any
 458:systemview/SEGGER_RTT_printf.c ****     //
 459:systemview/SEGGER_RTT_printf.c ****     if (BufferDesc.Cnt != 0u) {
 1102              		.loc 1 459 5 is_stmt 1 view .LVU365
 1103              		.loc 1 459 19 is_stmt 0 view .LVU366
 1104 01d8 159A     		ldr	r2, [sp, #84]
 1105              		.loc 1 459 8 view .LVU367
 1106 01da 32B9     		cbnz	r2, .L93
ARM GAS  C:\Users\20398\AppData\Local\Temp\cc8CUUuw.s 			page 31


 1107              	.L84:
 460:systemview/SEGGER_RTT_printf.c ****       SEGGER_RTT_Write(BufferIndex, acBuffer, BufferDesc.Cnt);
 461:systemview/SEGGER_RTT_printf.c ****     }
 462:systemview/SEGGER_RTT_printf.c ****     BufferDesc.ReturnValue += (int)BufferDesc.Cnt;
 1108              		.loc 1 462 5 is_stmt 1 view .LVU368
 1109              		.loc 1 462 28 is_stmt 0 view .LVU369
 1110 01dc 159A     		ldr	r2, [sp, #84]
 1111 01de 169B     		ldr	r3, [sp, #88]
 1112 01e0 1344     		add	r3, r3, r2
 1113 01e2 1693     		str	r3, [sp, #88]
 1114              	.L83:
 463:systemview/SEGGER_RTT_printf.c ****   }
 464:systemview/SEGGER_RTT_printf.c ****   return BufferDesc.ReturnValue;
 1115              		.loc 1 464 3 is_stmt 1 view .LVU370
 465:systemview/SEGGER_RTT_printf.c **** }
 1116              		.loc 1 465 1 is_stmt 0 view .LVU371
 1117 01e4 1698     		ldr	r0, [sp, #88]
 1118 01e6 19B0     		add	sp, sp, #100
 1119              	.LCFI8:
 1120              		.cfi_remember_state
 1121              		.cfi_def_cfa_offset 20
 1122              		@ sp needed
 1123 01e8 F0BD     		pop	{r4, r5, r6, r7, pc}
 1124              	.LVL122:
 1125              	.L93:
 1126              	.LCFI9:
 1127              		.cfi_restore_state
 460:systemview/SEGGER_RTT_printf.c ****       SEGGER_RTT_Write(BufferIndex, acBuffer, BufferDesc.Cnt);
 1128              		.loc 1 460 7 is_stmt 1 view .LVU372
 1129 01ea 03A9     		add	r1, sp, #12
 1130 01ec 3046     		mov	r0, r6
 1131 01ee FFF7FEFF 		bl	SEGGER_RTT_Write
 1132              	.LVL123:
 1133 01f2 F3E7     		b	.L84
 1134              	.L95:
 1135              		.align	2
 1136              	.L94:
 1137 01f4 00000000 		.word	.LC0
 1138              		.cfi_endproc
 1139              	.LFE3:
 1141              		.section	.text.SEGGER_RTT_printf,"ax",%progbits
 1142              		.align	1
 1143              		.global	SEGGER_RTT_printf
 1144              		.syntax unified
 1145              		.thumb
 1146              		.thumb_func
 1148              	SEGGER_RTT_printf:
 1149              	.LVL124:
 1150              	.LFB4:
 466:systemview/SEGGER_RTT_printf.c **** 
 467:systemview/SEGGER_RTT_printf.c **** /*********************************************************************
 468:systemview/SEGGER_RTT_printf.c **** *
 469:systemview/SEGGER_RTT_printf.c **** *       SEGGER_RTT_printf
 470:systemview/SEGGER_RTT_printf.c **** *
 471:systemview/SEGGER_RTT_printf.c **** *  Function description
 472:systemview/SEGGER_RTT_printf.c **** *    Stores a formatted string in SEGGER RTT control block.
 473:systemview/SEGGER_RTT_printf.c **** *    This data is read by the host.
ARM GAS  C:\Users\20398\AppData\Local\Temp\cc8CUUuw.s 			page 32


 474:systemview/SEGGER_RTT_printf.c **** *
 475:systemview/SEGGER_RTT_printf.c **** *  Parameters
 476:systemview/SEGGER_RTT_printf.c **** *    BufferIndex  Index of "Up"-buffer to be used. (e.g. 0 for "Terminal")
 477:systemview/SEGGER_RTT_printf.c **** *    sFormat      Pointer to format string, followed by the arguments for conversion
 478:systemview/SEGGER_RTT_printf.c **** *
 479:systemview/SEGGER_RTT_printf.c **** *  Return values
 480:systemview/SEGGER_RTT_printf.c **** *    >= 0:  Number of bytes which have been stored in the "Up"-buffer.
 481:systemview/SEGGER_RTT_printf.c **** *     < 0:  Error
 482:systemview/SEGGER_RTT_printf.c **** *
 483:systemview/SEGGER_RTT_printf.c **** *  Notes
 484:systemview/SEGGER_RTT_printf.c **** *    (1) Conversion specifications have following syntax:
 485:systemview/SEGGER_RTT_printf.c **** *          %[flags][FieldWidth][.Precision]ConversionSpecifier
 486:systemview/SEGGER_RTT_printf.c **** *    (2) Supported flags:
 487:systemview/SEGGER_RTT_printf.c **** *          -: Left justify within the field width
 488:systemview/SEGGER_RTT_printf.c **** *          +: Always print sign extension for signed conversions
 489:systemview/SEGGER_RTT_printf.c **** *          0: Pad with 0 instead of spaces. Ignored when using '-'-flag or precision
 490:systemview/SEGGER_RTT_printf.c **** *        Supported conversion specifiers:
 491:systemview/SEGGER_RTT_printf.c **** *          c: Print the argument as one char
 492:systemview/SEGGER_RTT_printf.c **** *          d: Print the argument as a signed integer
 493:systemview/SEGGER_RTT_printf.c **** *          u: Print the argument as an unsigned integer
 494:systemview/SEGGER_RTT_printf.c **** *          x: Print the argument as an hexadecimal integer
 495:systemview/SEGGER_RTT_printf.c **** *          s: Print the string pointed to by the argument
 496:systemview/SEGGER_RTT_printf.c **** *          p: Print the argument as an 8-digit hexadecimal integer. (Argument shall be a pointer to
 497:systemview/SEGGER_RTT_printf.c **** */
 498:systemview/SEGGER_RTT_printf.c **** int SEGGER_RTT_printf(unsigned BufferIndex, const char * sFormat, ...) {
 1151              		.loc 1 498 72 view -0
 1152              		.cfi_startproc
 1153              		@ args = 4, pretend = 12, frame = 8
 1154              		@ frame_needed = 0, uses_anonymous_args = 1
 1155              		.loc 1 498 72 is_stmt 0 view .LVU374
 1156 0000 0EB4     		push	{r1, r2, r3}
 1157              	.LCFI10:
 1158              		.cfi_def_cfa_offset 12
 1159              		.cfi_offset 1, -12
 1160              		.cfi_offset 2, -8
 1161              		.cfi_offset 3, -4
 1162 0002 00B5     		push	{lr}
 1163              	.LCFI11:
 1164              		.cfi_def_cfa_offset 16
 1165              		.cfi_offset 14, -16
 1166 0004 82B0     		sub	sp, sp, #8
 1167              	.LCFI12:
 1168              		.cfi_def_cfa_offset 24
 1169 0006 03AB     		add	r3, sp, #12
 1170 0008 53F8041B 		ldr	r1, [r3], #4
 499:systemview/SEGGER_RTT_printf.c ****   int r;
 1171              		.loc 1 499 3 is_stmt 1 view .LVU375
 500:systemview/SEGGER_RTT_printf.c ****   va_list ParamList;
 1172              		.loc 1 500 3 view .LVU376
 501:systemview/SEGGER_RTT_printf.c **** 
 502:systemview/SEGGER_RTT_printf.c ****   va_start(ParamList, sFormat);
 1173              		.loc 1 502 3 view .LVU377
 1174 000c 0193     		str	r3, [sp, #4]
 503:systemview/SEGGER_RTT_printf.c ****   r = SEGGER_RTT_vprintf(BufferIndex, sFormat, &ParamList);
 1175              		.loc 1 503 3 view .LVU378
 1176              		.loc 1 503 7 is_stmt 0 view .LVU379
 1177 000e 01AA     		add	r2, sp, #4
ARM GAS  C:\Users\20398\AppData\Local\Temp\cc8CUUuw.s 			page 33


 1178 0010 FFF7FEFF 		bl	SEGGER_RTT_vprintf
 1179              	.LVL125:
 504:systemview/SEGGER_RTT_printf.c ****   va_end(ParamList);
 1180              		.loc 1 504 3 is_stmt 1 view .LVU380
 505:systemview/SEGGER_RTT_printf.c ****   return r;
 1181              		.loc 1 505 3 view .LVU381
 506:systemview/SEGGER_RTT_printf.c **** }
 1182              		.loc 1 506 1 is_stmt 0 view .LVU382
 1183 0014 02B0     		add	sp, sp, #8
 1184              	.LCFI13:
 1185              		.cfi_def_cfa_offset 16
 1186              		@ sp needed
 1187 0016 5DF804EB 		ldr	lr, [sp], #4
 1188              	.LCFI14:
 1189              		.cfi_restore 14
 1190              		.cfi_def_cfa_offset 12
 1191 001a 03B0     		add	sp, sp, #12
 1192              	.LCFI15:
 1193              		.cfi_restore 3
 1194              		.cfi_restore 2
 1195              		.cfi_restore 1
 1196              		.cfi_def_cfa_offset 0
 1197 001c 7047     		bx	lr
 1198              		.cfi_endproc
 1199              	.LFE4:
 1201              		.section	.rodata._aV2C.0,"a"
 1202              		.align	2
 1203              		.set	.LANCHOR0,. + 0
 1206              	_aV2C.0:
 1207 0000 30313233 		.ascii	"0123456789ABCDEF"
 1207      34353637 
 1207      38394142 
 1207      43444546 
 1208              		.text
 1209              	.Letext0:
 1210              		.file 2 "e:\\ace2025\\enviroment\\gcc-arm-none-eabi-10.3-2021.10-win32\\arm-gnu-toolchian\\lib\\gc
 1211              		.file 3 "<built-in>"
 1212              		.file 4 "systemview/SEGGER_RTT.h"
ARM GAS  C:\Users\20398\AppData\Local\Temp\cc8CUUuw.s 			page 34


DEFINED SYMBOLS
                            *ABS*:00000000 SEGGER_RTT_printf.c
C:\Users\20398\AppData\Local\Temp\cc8CUUuw.s:18     .text._StoreChar:00000000 $t
C:\Users\20398\AppData\Local\Temp\cc8CUUuw.s:23     .text._StoreChar:00000000 _StoreChar
C:\Users\20398\AppData\Local\Temp\cc8CUUuw.s:111    .text._PrintUnsigned:00000000 $t
C:\Users\20398\AppData\Local\Temp\cc8CUUuw.s:116    .text._PrintUnsigned:00000000 _PrintUnsigned
C:\Users\20398\AppData\Local\Temp\cc8CUUuw.s:342    .text._PrintUnsigned:000000dc $d
C:\Users\20398\AppData\Local\Temp\cc8CUUuw.s:347    .text._PrintInt:00000000 $t
C:\Users\20398\AppData\Local\Temp\cc8CUUuw.s:352    .text._PrintInt:00000000 _PrintInt
C:\Users\20398\AppData\Local\Temp\cc8CUUuw.s:580    .rodata.SEGGER_RTT_vprintf.str1.4:00000000 $d
C:\Users\20398\AppData\Local\Temp\cc8CUUuw.s:584    .text.SEGGER_RTT_vprintf:00000000 $t
C:\Users\20398\AppData\Local\Temp\cc8CUUuw.s:590    .text.SEGGER_RTT_vprintf:00000000 SEGGER_RTT_vprintf
C:\Users\20398\AppData\Local\Temp\cc8CUUuw.s:719    .text.SEGGER_RTT_vprintf:00000054 $d
C:\Users\20398\AppData\Local\Temp\cc8CUUuw.s:734    .text.SEGGER_RTT_vprintf:0000008c $t
C:\Users\20398\AppData\Local\Temp\cc8CUUuw.s:857    .text.SEGGER_RTT_vprintf:000000fa $d
C:\Users\20398\AppData\Local\Temp\cc8CUUuw.s:1137   .text.SEGGER_RTT_vprintf:000001f4 $d
C:\Users\20398\AppData\Local\Temp\cc8CUUuw.s:1142   .text.SEGGER_RTT_printf:00000000 $t
C:\Users\20398\AppData\Local\Temp\cc8CUUuw.s:1148   .text.SEGGER_RTT_printf:00000000 SEGGER_RTT_printf
C:\Users\20398\AppData\Local\Temp\cc8CUUuw.s:1202   .rodata._aV2C.0:00000000 $d
C:\Users\20398\AppData\Local\Temp\cc8CUUuw.s:1206   .rodata._aV2C.0:00000000 _aV2C.0
C:\Users\20398\AppData\Local\Temp\cc8CUUuw.s:890    .text.SEGGER_RTT_vprintf:0000011b $d
C:\Users\20398\AppData\Local\Temp\cc8CUUuw.s:890    .text.SEGGER_RTT_vprintf:0000011c $t

UNDEFINED SYMBOLS
SEGGER_RTT_Write
